[+] Containers:
 |- [+] Container: /Game/Main/Maps/TopDownMap
 |   |- [+] ActorDescs:
 |   |   |- Guid:0E0A87C5424FC28106199AB7457A1495 BaseClass: NativeClass:/Script/Engine.StaticMeshActor Name:StaticMeshActor_UAID_50EBF6944DD006CA01_1650678536 Label:Cube11 SpatiallyLoaded:1 Bounds:IsValid=true, Min=(X=-51.937 Y=1016.726 Z=-65.980), Max=(X=668.096 Y=2557.351 Z=-15.980) RuntimeGrid:None EditorOnly:0 RuntimeOnly:0 HLODRelevant:1
 |   |   |- Guid:0F0DA06749F7EC27519017BA34E3CD5C BaseClass: NativeClass:/Script/Engine.StaticMeshActor Name:StaticMeshActor_UAID_50EBF6944DD00CCA01_1323801615 Label:Cube33 SpatiallyLoaded:1 Bounds:IsValid=true, Min=(X=643.334 Y=1095.684 Z=-14.126), Max=(X=693.334 Y=2478.393 Z=398.374) RuntimeGrid:None EditorOnly:0 RuntimeOnly:0 HLODRelevant:1
 |   |   |- Guid:147C8D134B12D635012D5F8C57D2C96F BaseClass: NativeClass:/Script/Engine.PostProcessVolume Name:PostProcessVolume_1 Label:PostProcessVolume SpatiallyLoaded:0 Bounds:IsValid=true, Min=(X=0.000 Y=0.000 Z=400.000), Max=(X=200.000 Y=200.000 Z=600.000) RuntimeGrid:None EditorOnly:0 RuntimeOnly:0 HLODRelevant:0 FolderPath:Lighting FolderGuid:4C9334684BA61B42C769F799D2576455
 |   |   |- Guid:1D2382694B1B07A1243B85875B2186E4 BaseClass: NativeClass:/Script/Engine.StaticMeshActor Name:StaticMeshActor_UAID_50EBF6944DD00BCA01_1279539437 Label:Cube31 SpatiallyLoaded:1 Bounds:IsValid=true, Min=(X=2766.307 Y=89.288 Z=-15.925), Max=(X=4076.884 Y=1399.865 Z=396.575) RuntimeGrid:None EditorOnly:0 RuntimeOnly:0 HLODRelevant:1
 |   |   |- Guid:1D4907D3421538A4AB51DDBFD393A03D BaseClass: NativeClass:/Script/Engine.StaticMeshActor Name:StaticMeshActor_UAID_50EBF6944DD00ACA01_1440841257 Label:Cube27 SpatiallyLoaded:1 Bounds:IsValid=true, Min=(X=2592.135 Y=2512.972 Z=-16.203), Max=(X=2815.489 Y=2558.720 Z=396.297) RuntimeGrid:None EditorOnly:0 RuntimeOnly:0 HLODRelevant:1
 |   |   |- Guid:2DF0D95440BE0EDA81652F860DC7268E BaseClass: NativeClass:/Script/Engine.WorldDataLayers Name:WorldDataLayers Label:WorldDataLayers SpatiallyLoaded:0 Bounds:IsValid=true, Min=(X=0.000 Y=0.000 Z=0.000), Max=(X=0.000 Y=0.000 Z=0.000) RuntimeGrid:None EditorOnly:0 RuntimeOnly:0 HLODRelevant:0
 |   |   |- Guid:2F1A4A134CF5E99CFB7E8B8D27366748 BaseClass: NativeClass:/Script/Engine.StaticMeshActor Name:StaticMeshActor_UAID_50EBF6944DD00BCA01_1123792435 Label:Cube29 SpatiallyLoaded:1 Bounds:IsValid=true, Min=(X=2848.042 Y=-761.010 Z=-14.126), Max=(X=4020.149 Y=411.097 Z=398.374) RuntimeGrid:None EditorOnly:0 RuntimeOnly:0 HLODRelevant:1
 |   |   |- Guid:2FE3E6D74A03C9D20F48F48744718F38 BaseClass: NativeClass:/Script/Engine.StaticMeshActor Name:StaticMeshActor_UAID_50EBF6944DD005CA01_1591700357 Label:Cube8 SpatiallyLoaded:1 Bounds:IsValid=true, Min=(X=-50.923 Y=365.272 Z=-14.126), Max=(X=144.582 Y=560.777 Z=398.374) RuntimeGrid:None EditorOnly:0 RuntimeOnly:0 HLODRelevant:1
 |   |   |- Guid:309D57BF41B14D9D25A96686FA1E8ABD BaseClass: NativeClass:/Script/Engine.StaticMeshActor Name:StaticMeshActor_UAID_50EBF6944DD007CA01_1207602717 Label:Cube16 SpatiallyLoaded:1 Bounds:IsValid=true, Min=(X=-50.649 Y=365.975 Z=-14.126), Max=(X=-0.649 Y=522.304 Z=398.374) RuntimeGrid:None EditorOnly:0 RuntimeOnly:0 HLODRelevant:1
 |   |   |- Guid:35E065804BCF805D35E6BB884503FAD6 BaseClass: NativeClass:/Script/Engine.StaticMeshActor Name:StaticMeshActor_UAID_50EBF6944DD00BCA01_1719547438 Label:Cube32 SpatiallyLoaded:1 Bounds:IsValid=true, Min=(X=2780.311 Y=1014.461 Z=-16.426), Max=(X=3129.941 Y=1060.208 Z=396.074) RuntimeGrid:None EditorOnly:0 RuntimeOnly:0 HLODRelevant:1
 |   |   |- Guid:36F5869346E2D8A2873341874B21B318 BaseClass: NativeClass:/Script/Engine.StaticMeshActor Name:StaticMeshActor_UAID_50EBF6944DD007CA01_1083715716 Label:Cube15 SpatiallyLoaded:1 Bounds:IsValid=true, Min=(X=-51.079 Y=3150.142 Z=-14.126), Max=(X=129.581 Y=3200.142 Z=398.374) RuntimeGrid:None EditorOnly:0 RuntimeOnly:0 HLODRelevant:1
 |   |   |- Guid:3D41C70C4419B2E9EAC9468B3EA7000E BaseClass: NativeClass:/Script/Engine.StaticMeshActor Name:StaticMeshActor_UAID_50EBF6944DD005CA01_1130834353 Label:Cube2 SpatiallyLoaded:1 Bounds:IsValid=true, Min=(X=-50.649 Y=2064.669 Z=-14.126), Max=(X=-0.649 Y=2552.169 Z=398.374) RuntimeGrid:None EditorOnly:0 RuntimeOnly:0 HLODRelevant:1
 |   |   |- Guid:46E3F7E74C402AC8644CA297E1D10E0D BaseClass: NativeClass:/Script/Engine.StaticMeshActor Name:StaticMeshActor_UAID_50EBF6944DD002CA01_1484099830 Label:Cube SpatiallyLoaded:1 Bounds:IsValid=true, Min=(X=-50.649 Y=1012.440 Z=-14.126), Max=(X=-0.649 Y=1499.940 Z=398.374) RuntimeGrid:None EditorOnly:0 RuntimeOnly:0 HLODRelevant:1
 |   |   |- Guid:4A6EB6DF44D1F6331C0E73B2A148E760 BaseClass: NativeClass:/Script/Engine.StaticMeshActor Name:StaticMeshActor_UAID_50EBF6944DD006CA01_2133456539 Label:Cube14 SpatiallyLoaded:1 Bounds:IsValid=true, Min=(X=-50.649 Y=3039.224 Z=-14.126), Max=(X=-0.649 Y=3195.553 Z=398.374) RuntimeGrid:None EditorOnly:0 RuntimeOnly:0 HLODRelevant:1
 |   |   |- Guid:4F6149BA49F58FFB1D524B8C5759E9D3 BaseClass: NativeClass:/Script/Engine.StaticMeshActor Name:StaticMeshActor_UAID_50EBF6944DD008CA01_1099752896 Label:Cube19 SpatiallyLoaded:1 Bounds:IsValid=true, Min=(X=826.297 Y=1016.270 Z=-65.980), Max=(X=1049.371 Y=1101.234 Z=-15.980) RuntimeGrid:None EditorOnly:0 RuntimeOnly:0 HLODRelevant:1
 |   |   |- Guid:5724012C4052DB57938D779AA1F03EC9 BaseClass: NativeClass:/Script/Engine.StaticMeshActor Name:StaticMeshActor_UAID_50EBF6944DD009CA01_2050320076 Label:Cube23 SpatiallyLoaded:1 Bounds:IsValid=true, Min=(X=1770.257 Y=2512.972 Z=-16.203), Max=(X=1993.611 Y=2558.720 Z=396.297) RuntimeGrid:None EditorOnly:0 RuntimeOnly:0 HLODRelevant:1
 |   |   |- Guid:5F4767D047155678214856A69CC1521B BaseClass: NativeClass:/Script/Engine.StaticMeshActor Name:StaticMeshActor_UAID_50EBF6944DD005CA01_1291504354 Label:Cube5 SpatiallyLoaded:1 Bounds:IsValid=true, Min=(X=-50.649 Y=526.160 Z=-14.126), Max=(X=-0.649 Y=1013.660 Z=398.374) RuntimeGrid:None EditorOnly:0 RuntimeOnly:0 HLODRelevant:1
 |   |   |- Guid:695B8C534698D6C557F7DA802C4A8240 BaseClass: NativeClass:/Script/Engine.StaticMeshActor Name:StaticMeshActor_UAID_50EBF6944DD008CA01_1197385897 Label:Cube20 SpatiallyLoaded:1 Bounds:IsValid=true, Min=(X=665.102 Y=1016.311 Z=-65.980), Max=(X=1780.243 Y=2553.573 Z=-15.980) RuntimeGrid:None EditorOnly:0 RuntimeOnly:0 HLODRelevant:1
 |   |   |- Guid:699D11AA4C2305B7395F67A1A873B21D BaseClass: NativeClass:/Script/Engine.StaticMeshActor Name:StaticMeshActor_UAID_50EBF6944DD006CA01_1890713538 Label:Cube13 SpatiallyLoaded:1 Bounds:IsValid=true, Min=(X=-27.242 Y=2540.460 Z=-65.980), Max=(X=2922.989 Y=3156.535 Z=-15.980) RuntimeGrid:None EditorOnly:0 RuntimeOnly:0 HLODRelevant:1
 |   |   |- Guid:6B6D0F3B4C125901E2DB15936C2AAD2B BaseClass: NativeClass:/Script/Engine.StaticMeshActor Name:StaticMeshActor_UAID_50EBF6944DD009CA01_2118999077 Label:Cube24 SpatiallyLoaded:1 Bounds:IsValid=true, Min=(X=1768.709 Y=1014.461 Z=-16.426), Max=(X=2214.725 Y=1060.208 Z=396.074) RuntimeGrid:None EditorOnly:0 RuntimeOnly:0 HLODRelevant:1
 |   |   |- Guid:7FF20A6A47EFAC2FA79654B0DEC84040 BaseClass: NativeClass:/Script/Engine.StaticMeshActor Name:StaticMeshActor_UAID_50EBF6944DD002CA01_1638291832 Label:Cube3 SpatiallyLoaded:1 Bounds:IsValid=true, Min=(X=-862.494 Y=1503.882 Z=-43.143), Max=(X=-812.494 Y=2016.382 Z=288.107) RuntimeGrid:None EditorOnly:0 RuntimeOnly:0 HLODRelevant:1
 |   |   |- Guid:8471446D408E9BB60B4369877398EFEB BaseClass: NativeClass:/Script/Engine.StaticMeshActor Name:StaticMeshActor_UAID_50EBF6944DD007CA01_1207604718 Label:Cube17 SpatiallyLoaded:1 Bounds:IsValid=true, Min=(X=-51.079 Y=364.439 Z=-14.126), Max=(X=129.581 Y=414.439 Z=398.374) RuntimeGrid:None EditorOnly:0 RuntimeOnly:0 HLODRelevant:1
 |   |   |- Guid:93CD3435423EF26896D9FF99D9EF4847 BaseClass: NativeClass:/Script/Engine.PlayerStart Name:PlayerStart_UAID_50EBF6944DD08EC201_1263449015 Label:PlayerStart SpatiallyLoaded:0 Bounds:IsValid=true, Min=(X=-606.765 Y=1714.831 Z=25.177), Max=(X=-526.765 Y=1794.831 Z=209.177) RuntimeGrid:None EditorOnly:0 RuntimeOnly:0 HLODRelevant:0
 |   |   |- Guid:990A5B7641D210D5F248EB9B3B32CF51 BaseClass: NativeClass:/Script/Engine.StaticMeshActor Name:StaticMeshActor_UAID_50EBF6944DD00ACA01_1487282258 Label:Cube28 SpatiallyLoaded:1 Bounds:IsValid=true, Min=(X=1779.210 Y=1016.311 Z=-65.980), Max=(X=2807.282 Y=2553.573 Z=-15.980) RuntimeGrid:None EditorOnly:0 RuntimeOnly:0 HLODRelevant:1
 |   |   |- Guid:9D9F80134A0BE9DB5FCF68B1CA26FEDD BaseClass: NativeClass:/Script/Engine.StaticMeshActor Name:StaticMeshActor_UAID_50EBF6944DD00BCA01_1182888436 Label:Cube30 SpatiallyLoaded:1 Bounds:IsValid=true, Min=(X=2370.434 Y=-431.222 Z=-65.980), Max=(X=4133.538 Y=1331.882 Z=-15.980) RuntimeGrid:None EditorOnly:0 RuntimeOnly:0 HLODRelevant:1
 |   |   |- Guid:A4605FE14610EFD08252F59765AB4892 BaseClass: NativeClass:/Script/Engine.StaticMeshActor Name:StaticMeshActor_UAID_50EBF6944DD008CA01_1546932899 Label:Cube22 SpatiallyLoaded:1 Bounds:IsValid=true, Min=(X=826.297 Y=2476.192 Z=-65.980), Max=(X=1049.371 Y=2561.156 Z=-15.980) RuntimeGrid:None EditorOnly:0 RuntimeOnly:0 HLODRelevant:1
 |   |   |- Guid:A8CE4C804744186104FBE6A6772B5822 BaseClass: NativeClass:/Script/Engine.StaticMeshActor Name:StaticMeshActor_UAID_50EBF6944DD005CA01_1495746356 Label:Cube7 SpatiallyLoaded:1 Bounds:IsValid=true, Min=(X=-50.923 Y=3005.178 Z=-14.126), Max=(X=144.582 Y=3200.683 Z=398.374) RuntimeGrid:None EditorOnly:0 RuntimeOnly:0 HLODRelevant:1
 |   |   |- Guid:A96688FD4FBE7F1948779A8F7230A32F BaseClass: NativeClass:/Script/Engine.StaticMeshActor Name:StaticMeshActor_UAID_50EBF6944DD008CA01_1274090898 Label:Cube21 SpatiallyLoaded:1 Bounds:IsValid=true, Min=(X=1717.887 Y=1095.457 Z=-16.203), Max=(X=1767.887 Y=2481.000 Z=396.297) RuntimeGrid:None EditorOnly:0 RuntimeOnly:0 HLODRelevant:1
 |   |   |- Guid:B5E4DB2F499DE9507D06A8BF5F9AF8FC BaseClass: NativeClass:/Script/Engine.StaticMeshActor Name:StaticMeshActor_UAID_50EBF6944DD006CA01_1102637534 Label:Cube9 SpatiallyLoaded:1 Bounds:IsValid=true, Min=(X=108.878 Y=3149.009 Z=-14.126), Max=(X=2889.122 Y=3199.009 Z=398.374) RuntimeGrid:None EditorOnly:0 RuntimeOnly:0 HLODRelevant:1
 |   |   |- Guid:BA89E17C4C21EE61128C9A90B83C1F29 BaseClass:/Game/GoodSky/Blueprint/BP_GoodSky.BP_GoodSky_C NativeClass:/Script/Engine.Actor Name:BP_GoodSky_C_UAID_50EBF6944DD003CA01_1632619999 Label:BP_GoodSky SpatiallyLoaded:1 Bounds:IsValid=true, Min=(X=-1639707.645 Y=-1638173.533 Z=-1594640.592), Max=(X=1640859.972 Y=1642394.431 Z=1592994.211) RuntimeGrid:None EditorOnly:0 RuntimeOnly:0 HLODRelevant:0
 |   |   |- Guid:BBFDE71E4A9EB7F6187AAEA4D28F483C BaseClass: NativeClass:/Script/Engine.StaticMeshActor Name:StaticMeshActor_UAID_50EBF6944DD007CA01_1304380719 Label:Cube18 SpatiallyLoaded:1 Bounds:IsValid=true, Min=(X=-27.242 Y=405.294 Z=-65.980), Max=(X=2922.989 Y=1016.356 Z=-15.980) RuntimeGrid:None EditorOnly:0 RuntimeOnly:0 HLODRelevant:1
 |   |   |- Guid:BE90F5704F9C929BC08300B9E8F06A8B BaseClass: NativeClass:/Script/Engine.StaticMeshActor Name:StaticMeshActor_UAID_50EBF6944DD00ACA01_1378189256 Label:Cube26 SpatiallyLoaded:1 Bounds:IsValid=true, Min=(X=2764.813 Y=1059.074 Z=-16.203), Max=(X=2814.813 Y=2517.383 Z=396.297) RuntimeGrid:None EditorOnly:0 RuntimeOnly:0 HLODRelevant:1
 |   |   |- Guid:C0B4A9824EA29392CB6D628C1E5CA980 BaseClass: NativeClass:/Script/Engine.StaticMeshActor Name:StaticMeshActor_UAID_50EBF6944DD005CA01_1479027355 Label:Cube6 SpatiallyLoaded:1 Bounds:IsValid=true, Min=(X=-50.649 Y=2550.999 Z=-14.126), Max=(X=-0.649 Y=3038.499 Z=398.374) RuntimeGrid:None EditorOnly:0 RuntimeOnly:0 HLODRelevant:1
 |   |   |- Guid:C8E1912443476F686302D48377F84AF5 BaseClass: NativeClass:/Script/Engine.StaticMeshActor Name:StaticMeshActor_UAID_50EBF6944DD004CA01_1940142176 Label:Cube4 SpatiallyLoaded:1 Bounds:IsValid=true, Min=(X=595.735 Y=1016.726 Z=-14.126), Max=(X=645.735 Y=2557.351 Z=398.374) RuntimeGrid:None EditorOnly:0 RuntimeOnly:0 HLODRelevant:1
 |   |   |- Guid:CCDD89584E0A9025F52AEDA51D60CA54 BaseClass: NativeClass:/Script/NavigationSystem.NavMeshBoundsVolume Name:NavMeshBoundsVolume_1 Label:NavMeshBoundsVolume SpatiallyLoaded:0 Bounds:IsValid=true, Min=(X=20.917 Y=40.676 Z=-110.000), Max=(X=3379.083 Y=1439.324 Z=390.000) RuntimeGrid:None EditorOnly:0 RuntimeOnly:0 HLODRelevant:0 FolderPath:Navigation FolderGuid:AE45D61F453CC144CF8289862C276E89
 |   |   |- Guid:D14AF36F4911EB33E417B6B9F07E5729 BaseClass: NativeClass:/Script/Engine.StaticMeshActor Name:StaticMeshActor_UAID_50EBF6944DD006CA01_1700854537 Label:Cube12 SpatiallyLoaded:1 Bounds:IsValid=true, Min=(X=-835.276 Y=1538.942 Z=-65.980), Max=(X=-53.207 Y=1983.572 Z=-15.980) RuntimeGrid:None EditorOnly:0 RuntimeOnly:0 HLODRelevant:1
 |   |   |- Guid:D3E6AB5047547B48ABE24D9F073108F2 BaseClass: NativeClass:/Script/Engine.StaticMeshActor Name:StaticMeshActor_UAID_50EBF6944DD002CA01_1250539828 Label:Box3 SpatiallyLoaded:1 Bounds:IsValid=true, Min=(X=-814.116 Y=1505.888 Z=-18.351), Max=(X=-45.884 Y=1654.112 Z=290.793) RuntimeGrid:None EditorOnly:0 RuntimeOnly:0 HLODRelevant:0
 |   |   |- Guid:D4903D0E440C5A77AEAC2A830FB15869 BaseClass: NativeClass:/Script/Engine.StaticMeshActor Name:StaticMeshActor_UAID_50EBF6944DD00ACA01_1332268255 Label:Cube25 SpatiallyLoaded:1 Bounds:IsValid=true, Min=(X=1768.171 Y=1061.164 Z=-16.203), Max=(X=1818.171 Y=2515.293 Z=396.297) RuntimeGrid:None EditorOnly:0 RuntimeOnly:0 HLODRelevant:1
 |   |   |- Guid:D94534EE4C3F16BC9876D6B8E1CA00CC BaseClass: NativeClass:/Script/Engine.DirectionalLight Name:DirectionalLight_UAID_50EBF6944DD058C801_1462876847 Label:DirectionalLight SpatiallyLoaded:0 Bounds:IsValid=true, Min=(X=-4398046511104.000 Y=-4398046511104.000 Z=-4398046511104.000), Max=(X=4398046511104.000 Y=4398046511104.000 Z=4398046511104.000) RuntimeGrid:None EditorOnly:0 RuntimeOnly:0 HLODRelevant:0
 |   |   |- Guid:DAAA7D6F4F9E9B3BD2CAAD869FC3F1D7 BaseClass: NativeClass:/Script/Engine.StaticMeshActor Name:StaticMeshActor_UAID_50EBF6944DD001CA01_1880765650 Label:Box2 SpatiallyLoaded:1 Bounds:IsValid=true, Min=(X=-811.694 Y=1865.888 Z=-20.376), Max=(X=-42.106 Y=2014.112 Z=288.768) RuntimeGrid:None EditorOnly:0 RuntimeOnly:0 HLODRelevant:0
 |   |   |- Guid:F9871F914F4B102532AC9C9ACD0636BA BaseClass: NativeClass:/Script/Engine.StaticMeshActor Name:StaticMeshActor_UAID_50EBF6944DD006CA01_1214300535 Label:Cube10 SpatiallyLoaded:1 Bounds:IsValid=true, Min=(X=108.878 Y=363.646 Z=-14.126), Max=(X=2889.122 Y=413.646 Z=398.374) RuntimeGrid:None EditorOnly:0 RuntimeOnly:0 HLODRelevant:1
 |   |- [+] Clusters:
 |   |   |- [+] [  0]
 |   |   |   |- Guid:2F1A4A134CF5E99CFB7E8B8D27366748 BaseClass: NativeClass:/Script/Engine.StaticMeshActor Name:StaticMeshActor_UAID_50EBF6944DD00BCA01_1123792435 Label:Cube29 SpatiallyLoaded:1 Bounds:IsValid=true, Min=(X=2848.042 Y=-761.010 Z=-14.126), Max=(X=4020.149 Y=411.097 Z=398.374) RuntimeGrid:None EditorOnly:0 RuntimeOnly:0 HLODRelevant:1
 |   |   |- [+] [  1]
 |   |   |   |- Guid:D94534EE4C3F16BC9876D6B8E1CA00CC BaseClass: NativeClass:/Script/Engine.DirectionalLight Name:DirectionalLight_UAID_50EBF6944DD058C801_1462876847 Label:DirectionalLight SpatiallyLoaded:0 Bounds:IsValid=true, Min=(X=-4398046511104.000 Y=-4398046511104.000 Z=-4398046511104.000), Max=(X=4398046511104.000 Y=4398046511104.000 Z=4398046511104.000) RuntimeGrid:None EditorOnly:0 RuntimeOnly:0 HLODRelevant:0
 |   |   |- [+] [  2]
 |   |   |   |- Guid:695B8C534698D6C557F7DA802C4A8240 BaseClass: NativeClass:/Script/Engine.StaticMeshActor Name:StaticMeshActor_UAID_50EBF6944DD008CA01_1197385897 Label:Cube20 SpatiallyLoaded:1 Bounds:IsValid=true, Min=(X=665.102 Y=1016.311 Z=-65.980), Max=(X=1780.243 Y=2553.573 Z=-15.980) RuntimeGrid:None EditorOnly:0 RuntimeOnly:0 HLODRelevant:1
 |   |   |- [+] [  3]
 |   |   |   |- Guid:3D41C70C4419B2E9EAC9468B3EA7000E BaseClass: NativeClass:/Script/Engine.StaticMeshActor Name:StaticMeshActor_UAID_50EBF6944DD005CA01_1130834353 Label:Cube2 SpatiallyLoaded:1 Bounds:IsValid=true, Min=(X=-50.649 Y=2064.669 Z=-14.126), Max=(X=-0.649 Y=2552.169 Z=398.374) RuntimeGrid:None EditorOnly:0 RuntimeOnly:0 HLODRelevant:1
 |   |   |- [+] [  4]
 |   |   |   |- Guid:A8CE4C804744186104FBE6A6772B5822 BaseClass: NativeClass:/Script/Engine.StaticMeshActor Name:StaticMeshActor_UAID_50EBF6944DD005CA01_1495746356 Label:Cube7 SpatiallyLoaded:1 Bounds:IsValid=true, Min=(X=-50.923 Y=3005.178 Z=-14.126), Max=(X=144.582 Y=3200.683 Z=398.374) RuntimeGrid:None EditorOnly:0 RuntimeOnly:0 HLODRelevant:1
 |   |   |- [+] [  5]
 |   |   |   |- Guid:C8E1912443476F686302D48377F84AF5 BaseClass: NativeClass:/Script/Engine.StaticMeshActor Name:StaticMeshActor_UAID_50EBF6944DD004CA01_1940142176 Label:Cube4 SpatiallyLoaded:1 Bounds:IsValid=true, Min=(X=595.735 Y=1016.726 Z=-14.126), Max=(X=645.735 Y=2557.351 Z=398.374) RuntimeGrid:None EditorOnly:0 RuntimeOnly:0 HLODRelevant:1
 |   |   |- [+] [  6]
 |   |   |   |- Guid:35E065804BCF805D35E6BB884503FAD6 BaseClass: NativeClass:/Script/Engine.StaticMeshActor Name:StaticMeshActor_UAID_50EBF6944DD00BCA01_1719547438 Label:Cube32 SpatiallyLoaded:1 Bounds:IsValid=true, Min=(X=2780.311 Y=1014.461 Z=-16.426), Max=(X=3129.941 Y=1060.208 Z=396.074) RuntimeGrid:None EditorOnly:0 RuntimeOnly:0 HLODRelevant:1
 |   |   |- [+] [  7]
 |   |   |   |- Guid:1D4907D3421538A4AB51DDBFD393A03D BaseClass: NativeClass:/Script/Engine.StaticMeshActor Name:StaticMeshActor_UAID_50EBF6944DD00ACA01_1440841257 Label:Cube27 SpatiallyLoaded:1 Bounds:IsValid=true, Min=(X=2592.135 Y=2512.972 Z=-16.203), Max=(X=2815.489 Y=2558.720 Z=396.297) RuntimeGrid:None EditorOnly:0 RuntimeOnly:0 HLODRelevant:1
 |   |   |- [+] [  8]
 |   |   |   |- Guid:46E3F7E74C402AC8644CA297E1D10E0D BaseClass: NativeClass:/Script/Engine.StaticMeshActor Name:StaticMeshActor_UAID_50EBF6944DD002CA01_1484099830 Label:Cube SpatiallyLoaded:1 Bounds:IsValid=true, Min=(X=-50.649 Y=1012.440 Z=-14.126), Max=(X=-0.649 Y=1499.940 Z=398.374) RuntimeGrid:None EditorOnly:0 RuntimeOnly:0 HLODRelevant:1
 |   |   |- [+] [  9]
 |   |   |   |- Guid:5724012C4052DB57938D779AA1F03EC9 BaseClass: NativeClass:/Script/Engine.StaticMeshActor Name:StaticMeshActor_UAID_50EBF6944DD009CA01_2050320076 Label:Cube23 SpatiallyLoaded:1 Bounds:IsValid=true, Min=(X=1770.257 Y=2512.972 Z=-16.203), Max=(X=1993.611 Y=2558.720 Z=396.297) RuntimeGrid:None EditorOnly:0 RuntimeOnly:0 HLODRelevant:1
 |   |   |- [+] [ 10]
 |   |   |   |- Guid:C0B4A9824EA29392CB6D628C1E5CA980 BaseClass: NativeClass:/Script/Engine.StaticMeshActor Name:StaticMeshActor_UAID_50EBF6944DD005CA01_1479027355 Label:Cube6 SpatiallyLoaded:1 Bounds:IsValid=true, Min=(X=-50.649 Y=2550.999 Z=-14.126), Max=(X=-0.649 Y=3038.499 Z=398.374) RuntimeGrid:None EditorOnly:0 RuntimeOnly:0 HLODRelevant:1
 |   |   |- [+] [ 11]
 |   |   |   |- Guid:699D11AA4C2305B7395F67A1A873B21D BaseClass: NativeClass:/Script/Engine.StaticMeshActor Name:StaticMeshActor_UAID_50EBF6944DD006CA01_1890713538 Label:Cube13 SpatiallyLoaded:1 Bounds:IsValid=true, Min=(X=-27.242 Y=2540.460 Z=-65.980), Max=(X=2922.989 Y=3156.535 Z=-15.980) RuntimeGrid:None EditorOnly:0 RuntimeOnly:0 HLODRelevant:1
 |   |   |- [+] [ 12]
 |   |   |   |- Guid:2FE3E6D74A03C9D20F48F48744718F38 BaseClass: NativeClass:/Script/Engine.StaticMeshActor Name:StaticMeshActor_UAID_50EBF6944DD005CA01_1591700357 Label:Cube8 SpatiallyLoaded:1 Bounds:IsValid=true, Min=(X=-50.923 Y=365.272 Z=-14.126), Max=(X=144.582 Y=560.777 Z=398.374) RuntimeGrid:None EditorOnly:0 RuntimeOnly:0 HLODRelevant:1
 |   |   |- [+] [ 13]
 |   |   |   |- Guid:D4903D0E440C5A77AEAC2A830FB15869 BaseClass: NativeClass:/Script/Engine.StaticMeshActor Name:StaticMeshActor_UAID_50EBF6944DD00ACA01_1332268255 Label:Cube25 SpatiallyLoaded:1 Bounds:IsValid=true, Min=(X=1768.171 Y=1061.164 Z=-16.203), Max=(X=1818.171 Y=2515.293 Z=396.297) RuntimeGrid:None EditorOnly:0 RuntimeOnly:0 HLODRelevant:1
 |   |   |- [+] [ 14]
 |   |   |   |- Guid:BBFDE71E4A9EB7F6187AAEA4D28F483C BaseClass: NativeClass:/Script/Engine.StaticMeshActor Name:StaticMeshActor_UAID_50EBF6944DD007CA01_1304380719 Label:Cube18 SpatiallyLoaded:1 Bounds:IsValid=true, Min=(X=-27.242 Y=405.294 Z=-65.980), Max=(X=2922.989 Y=1016.356 Z=-15.980) RuntimeGrid:None EditorOnly:0 RuntimeOnly:0 HLODRelevant:1
 |   |   |- [+] [ 15]
 |   |   |   |- Guid:A96688FD4FBE7F1948779A8F7230A32F BaseClass: NativeClass:/Script/Engine.StaticMeshActor Name:StaticMeshActor_UAID_50EBF6944DD008CA01_1274090898 Label:Cube21 SpatiallyLoaded:1 Bounds:IsValid=true, Min=(X=1717.887 Y=1095.457 Z=-16.203), Max=(X=1767.887 Y=2481.000 Z=396.297) RuntimeGrid:None EditorOnly:0 RuntimeOnly:0 HLODRelevant:1
 |   |   |- [+] [ 16]
 |   |   |   |- Guid:9D9F80134A0BE9DB5FCF68B1CA26FEDD BaseClass: NativeClass:/Script/Engine.StaticMeshActor Name:StaticMeshActor_UAID_50EBF6944DD00BCA01_1182888436 Label:Cube30 SpatiallyLoaded:1 Bounds:IsValid=true, Min=(X=2370.434 Y=-431.222 Z=-65.980), Max=(X=4133.538 Y=1331.882 Z=-15.980) RuntimeGrid:None EditorOnly:0 RuntimeOnly:0 HLODRelevant:1
 |   |   |- [+] [ 17]
 |   |   |   |- Guid:0E0A87C5424FC28106199AB7457A1495 BaseClass: NativeClass:/Script/Engine.StaticMeshActor Name:StaticMeshActor_UAID_50EBF6944DD006CA01_1650678536 Label:Cube11 SpatiallyLoaded:1 Bounds:IsValid=true, Min=(X=-51.937 Y=1016.726 Z=-65.980), Max=(X=668.096 Y=2557.351 Z=-15.980) RuntimeGrid:None EditorOnly:0 RuntimeOnly:0 HLODRelevant:1
 |   |   |- [+] [ 18]
 |   |   |   |- Guid:D3E6AB5047547B48ABE24D9F073108F2 BaseClass: NativeClass:/Script/Engine.StaticMeshActor Name:StaticMeshActor_UAID_50EBF6944DD002CA01_1250539828 Label:Box3 SpatiallyLoaded:1 Bounds:IsValid=true, Min=(X=-814.116 Y=1505.888 Z=-18.351), Max=(X=-45.884 Y=1654.112 Z=290.793) RuntimeGrid:None EditorOnly:0 RuntimeOnly:0 HLODRelevant:0
 |   |   |- [+] [ 19]
 |   |   |   |- Guid:A4605FE14610EFD08252F59765AB4892 BaseClass: NativeClass:/Script/Engine.StaticMeshActor Name:StaticMeshActor_UAID_50EBF6944DD008CA01_1546932899 Label:Cube22 SpatiallyLoaded:1 Bounds:IsValid=true, Min=(X=826.297 Y=2476.192 Z=-65.980), Max=(X=1049.371 Y=2561.156 Z=-15.980) RuntimeGrid:None EditorOnly:0 RuntimeOnly:0 HLODRelevant:1
 |   |   |- [+] [ 20]
 |   |   |   |- Guid:CCDD89584E0A9025F52AEDA51D60CA54 BaseClass: NativeClass:/Script/NavigationSystem.NavMeshBoundsVolume Name:NavMeshBoundsVolume_1 Label:NavMeshBoundsVolume SpatiallyLoaded:0 Bounds:IsValid=true, Min=(X=20.917 Y=40.676 Z=-110.000), Max=(X=3379.083 Y=1439.324 Z=390.000) RuntimeGrid:None EditorOnly:0 RuntimeOnly:0 HLODRelevant:0 FolderPath:Navigation FolderGuid:AE45D61F453CC144CF8289862C276E89
 |   |   |- [+] [ 21]
 |   |   |   |- Guid:B5E4DB2F499DE9507D06A8BF5F9AF8FC BaseClass: NativeClass:/Script/Engine.StaticMeshActor Name:StaticMeshActor_UAID_50EBF6944DD006CA01_1102637534 Label:Cube9 SpatiallyLoaded:1 Bounds:IsValid=true, Min=(X=108.878 Y=3149.009 Z=-14.126), Max=(X=2889.122 Y=3199.009 Z=398.374) RuntimeGrid:None EditorOnly:0 RuntimeOnly:0 HLODRelevant:1
 |   |   |- [+] [ 22]
 |   |   |   |- Guid:309D57BF41B14D9D25A96686FA1E8ABD BaseClass: NativeClass:/Script/Engine.StaticMeshActor Name:StaticMeshActor_UAID_50EBF6944DD007CA01_1207602717 Label:Cube16 SpatiallyLoaded:1 Bounds:IsValid=true, Min=(X=-50.649 Y=365.975 Z=-14.126), Max=(X=-0.649 Y=522.304 Z=398.374) RuntimeGrid:None EditorOnly:0 RuntimeOnly:0 HLODRelevant:1
 |   |   |- [+] [ 23]
 |   |   |   |- Guid:990A5B7641D210D5F248EB9B3B32CF51 BaseClass: NativeClass:/Script/Engine.StaticMeshActor Name:StaticMeshActor_UAID_50EBF6944DD00ACA01_1487282258 Label:Cube28 SpatiallyLoaded:1 Bounds:IsValid=true, Min=(X=1779.210 Y=1016.311 Z=-65.980), Max=(X=2807.282 Y=2553.573 Z=-15.980) RuntimeGrid:None EditorOnly:0 RuntimeOnly:0 HLODRelevant:1
 |   |   |- [+] [ 24]
 |   |   |   |- Guid:1D2382694B1B07A1243B85875B2186E4 BaseClass: NativeClass:/Script/Engine.StaticMeshActor Name:StaticMeshActor_UAID_50EBF6944DD00BCA01_1279539437 Label:Cube31 SpatiallyLoaded:1 Bounds:IsValid=true, Min=(X=2766.307 Y=89.288 Z=-15.925), Max=(X=4076.884 Y=1399.865 Z=396.575) RuntimeGrid:None EditorOnly:0 RuntimeOnly:0 HLODRelevant:1
 |   |   |- [+] [ 25]
 |   |   |   |- Guid:BA89E17C4C21EE61128C9A90B83C1F29 BaseClass:/Game/GoodSky/Blueprint/BP_GoodSky.BP_GoodSky_C NativeClass:/Script/Engine.Actor Name:BP_GoodSky_C_UAID_50EBF6944DD003CA01_1632619999 Label:BP_GoodSky SpatiallyLoaded:1 Bounds:IsValid=true, Min=(X=-1639707.645 Y=-1638173.533 Z=-1594640.592), Max=(X=1640859.972 Y=1642394.431 Z=1592994.211) RuntimeGrid:None EditorOnly:0 RuntimeOnly:0 HLODRelevant:0
 |   |   |- [+] [ 26]
 |   |   |   |- Guid:D14AF36F4911EB33E417B6B9F07E5729 BaseClass: NativeClass:/Script/Engine.StaticMeshActor Name:StaticMeshActor_UAID_50EBF6944DD006CA01_1700854537 Label:Cube12 SpatiallyLoaded:1 Bounds:IsValid=true, Min=(X=-835.276 Y=1538.942 Z=-65.980), Max=(X=-53.207 Y=1983.572 Z=-15.980) RuntimeGrid:None EditorOnly:0 RuntimeOnly:0 HLODRelevant:1
 |   |   |- [+] [ 27]
 |   |   |   |- Guid:5F4767D047155678214856A69CC1521B BaseClass: NativeClass:/Script/Engine.StaticMeshActor Name:StaticMeshActor_UAID_50EBF6944DD005CA01_1291504354 Label:Cube5 SpatiallyLoaded:1 Bounds:IsValid=true, Min=(X=-50.649 Y=526.160 Z=-14.126), Max=(X=-0.649 Y=1013.660 Z=398.374) RuntimeGrid:None EditorOnly:0 RuntimeOnly:0 HLODRelevant:1
 |   |   |- [+] [ 28]
 |   |   |   |- Guid:4A6EB6DF44D1F6331C0E73B2A148E760 BaseClass: NativeClass:/Script/Engine.StaticMeshActor Name:StaticMeshActor_UAID_50EBF6944DD006CA01_2133456539 Label:Cube14 SpatiallyLoaded:1 Bounds:IsValid=true, Min=(X=-50.649 Y=3039.224 Z=-14.126), Max=(X=-0.649 Y=3195.553 Z=398.374) RuntimeGrid:None EditorOnly:0 RuntimeOnly:0 HLODRelevant:1
 |   |   |- [+] [ 29]
 |   |   |   |- Guid:36F5869346E2D8A2873341874B21B318 BaseClass: NativeClass:/Script/Engine.StaticMeshActor Name:StaticMeshActor_UAID_50EBF6944DD007CA01_1083715716 Label:Cube15 SpatiallyLoaded:1 Bounds:IsValid=true, Min=(X=-51.079 Y=3150.142 Z=-14.126), Max=(X=129.581 Y=3200.142 Z=398.374) RuntimeGrid:None EditorOnly:0 RuntimeOnly:0 HLODRelevant:1
 |   |   |- [+] [ 30]
 |   |   |   |- Guid:8471446D408E9BB60B4369877398EFEB BaseClass: NativeClass:/Script/Engine.StaticMeshActor Name:StaticMeshActor_UAID_50EBF6944DD007CA01_1207604718 Label:Cube17 SpatiallyLoaded:1 Bounds:IsValid=true, Min=(X=-51.079 Y=364.439 Z=-14.126), Max=(X=129.581 Y=414.439 Z=398.374) RuntimeGrid:None EditorOnly:0 RuntimeOnly:0 HLODRelevant:1
 |   |   |- [+] [ 31]
 |   |   |   |- Guid:F9871F914F4B102532AC9C9ACD0636BA BaseClass: NativeClass:/Script/Engine.StaticMeshActor Name:StaticMeshActor_UAID_50EBF6944DD006CA01_1214300535 Label:Cube10 SpatiallyLoaded:1 Bounds:IsValid=true, Min=(X=108.878 Y=363.646 Z=-14.126), Max=(X=2889.122 Y=413.646 Z=398.374) RuntimeGrid:None EditorOnly:0 RuntimeOnly:0 HLODRelevant:1
 |   |   |- [+] [ 32]
 |   |   |   |- Guid:4F6149BA49F58FFB1D524B8C5759E9D3 BaseClass: NativeClass:/Script/Engine.StaticMeshActor Name:StaticMeshActor_UAID_50EBF6944DD008CA01_1099752896 Label:Cube19 SpatiallyLoaded:1 Bounds:IsValid=true, Min=(X=826.297 Y=1016.270 Z=-65.980), Max=(X=1049.371 Y=1101.234 Z=-15.980) RuntimeGrid:None EditorOnly:0 RuntimeOnly:0 HLODRelevant:1
 |   |   |- [+] [ 33]
 |   |   |   |- Guid:147C8D134B12D635012D5F8C57D2C96F BaseClass: NativeClass:/Script/Engine.PostProcessVolume Name:PostProcessVolume_1 Label:PostProcessVolume SpatiallyLoaded:0 Bounds:IsValid=true, Min=(X=0.000 Y=0.000 Z=400.000), Max=(X=200.000 Y=200.000 Z=600.000) RuntimeGrid:None EditorOnly:0 RuntimeOnly:0 HLODRelevant:0 FolderPath:Lighting FolderGuid:4C9334684BA61B42C769F799D2576455
 |   |   |- [+] [ 34]
 |   |   |   |- Guid:BE90F5704F9C929BC08300B9E8F06A8B BaseClass: NativeClass:/Script/Engine.StaticMeshActor Name:StaticMeshActor_UAID_50EBF6944DD00ACA01_1378189256 Label:Cube26 SpatiallyLoaded:1 Bounds:IsValid=true, Min=(X=2764.813 Y=1059.074 Z=-16.203), Max=(X=2814.813 Y=2517.383 Z=396.297) RuntimeGrid:None EditorOnly:0 RuntimeOnly:0 HLODRelevant:1
 |   |   |- [+] [ 35]
 |   |   |   |- Guid:2DF0D95440BE0EDA81652F860DC7268E BaseClass: NativeClass:/Script/Engine.WorldDataLayers Name:WorldDataLayers Label:WorldDataLayers SpatiallyLoaded:0 Bounds:IsValid=true, Min=(X=0.000 Y=0.000 Z=0.000), Max=(X=0.000 Y=0.000 Z=0.000) RuntimeGrid:None EditorOnly:0 RuntimeOnly:0 HLODRelevant:0
 |   |   |- [+] [ 36]
 |   |   |   |- Guid:7FF20A6A47EFAC2FA79654B0DEC84040 BaseClass: NativeClass:/Script/Engine.StaticMeshActor Name:StaticMeshActor_UAID_50EBF6944DD002CA01_1638291832 Label:Cube3 SpatiallyLoaded:1 Bounds:IsValid=true, Min=(X=-862.494 Y=1503.882 Z=-43.143), Max=(X=-812.494 Y=2016.382 Z=288.107) RuntimeGrid:None EditorOnly:0 RuntimeOnly:0 HLODRelevant:1
 |   |   |- [+] [ 37]
 |   |   |   |- Guid:DAAA7D6F4F9E9B3BD2CAAD869FC3F1D7 BaseClass: NativeClass:/Script/Engine.StaticMeshActor Name:StaticMeshActor_UAID_50EBF6944DD001CA01_1880765650 Label:Box2 SpatiallyLoaded:1 Bounds:IsValid=true, Min=(X=-811.694 Y=1865.888 Z=-20.376), Max=(X=-42.106 Y=2014.112 Z=288.768) RuntimeGrid:None EditorOnly:0 RuntimeOnly:0 HLODRelevant:0
 |   |   |- [+] [ 38]
 |   |   |   |- Guid:0F0DA06749F7EC27519017BA34E3CD5C BaseClass: NativeClass:/Script/Engine.StaticMeshActor Name:StaticMeshActor_UAID_50EBF6944DD00CCA01_1323801615 Label:Cube33 SpatiallyLoaded:1 Bounds:IsValid=true, Min=(X=643.334 Y=1095.684 Z=-14.126), Max=(X=693.334 Y=2478.393 Z=398.374) RuntimeGrid:None EditorOnly:0 RuntimeOnly:0 HLODRelevant:1
 |   |   |- [+] [ 39]
 |   |   |   |- Guid:6B6D0F3B4C125901E2DB15936C2AAD2B BaseClass: NativeClass:/Script/Engine.StaticMeshActor Name:StaticMeshActor_UAID_50EBF6944DD009CA01_2118999077 Label:Cube24 SpatiallyLoaded:1 Bounds:IsValid=true, Min=(X=1768.709 Y=1014.461 Z=-16.426), Max=(X=2214.725 Y=1060.208 Z=396.074) RuntimeGrid:None EditorOnly:0 RuntimeOnly:0 HLODRelevant:1
 |   |   |- [+] [ 40]
 |   |   |   |- Guid:93CD3435423EF26896D9FF99D9EF4847 BaseClass: NativeClass:/Script/Engine.PlayerStart Name:PlayerStart_UAID_50EBF6944DD08EC201_1263449015 Label:PlayerStart SpatiallyLoaded:0 Bounds:IsValid=true, Min=(X=-606.765 Y=1714.831 Z=25.177), Max=(X=-526.765 Y=1794.831 Z=209.177) RuntimeGrid:None EditorOnly:0 RuntimeOnly:0 HLODRelevant:0
 |- ContainerInstances:
 |- [+] MainContainer:
 |   |-        ID: 0x0000000000000000
 |   |-    Bounds: IsValid=false, Min=(X=0.000 Y=0.000 Z=0.000), Max=(X=0.000 Y=0.000 Z=0.000)
 |   |- Transform: 0.000000,0.000000,0.000000|0.000000,0.000000,-0.000000|1.000000,1.000000,1.000000
 |   |- Container: /Game/Main/Maps/TopDownMap
----------------------------------------------------------------------------------------------------------------
TopDownMap - Persistent Level
----------------------------------------------------------------------------------------------------------------
Always loaded Actor Count: 69 

----------------------------------------------------------------------------------------------------------------
TopDownMap - Runtime Spatial Hash - Streaming Grid - MainGrid
----------------------------------------------------------------------------------------------------------------
            Origin: X=0.000 Y=0.000 Z=0.000
         Cell Size: 12800
      World Bounds: IsValid=false, Min=(X=0.000 Y=0.000 Z=0.000), Max=(X=0.000 Y=0.000 Z=0.000)
     Loading Range: 25600.00
Block Slow Loading: No
 ClientOnlyVisible: No

[+] Grid Levels: 1
 |- Level  0: Cell Count    0 | Cell Size   12800 | Actor Count    0 (0.0%)

[+] Content of Grid Level 0

