[+] Containers:
 |- [+] Container: /Game/Main/Maps/TopDownMap
 |   |- [+] ActorDescs:
 |   |   |- Guid:092A34004CC5C81B9CF0BDB7D47BABA4 BaseClass: NativeClass:/Script/Engine.StaticMeshActor Name:StaticMeshActor_UAID_08BFB81711F5DFC301_1273428329 Label:SM_Cube5 SpatiallyLoaded:1 Bounds:IsValid=true, Min=(X=0.000 Y=2110.000 Z=0.000), Max=(X=900.000 Y=2160.000 Z=400.000) RuntimeGrid:None EditorOnly:0 RuntimeOnly:0 HLODRelevant:1 FolderPath:Playground FolderGuid:9FE5E8B349AF71F05F2688921F3F2AC5
 |   |   |- Guid:0B05679C49084E0F7E3850899185DD3E BaseClass:/Game/Main/Blueprints/characters/enemies/HumanEnemyBP.HumanEnemyBP_C NativeClass:/Script/Engine.Character Name:HumanEnemyBP_C_UAID_50EBF6944DD05BC801_1809131391 Label:HumanEnemyBP20 SpatiallyLoaded:1 Bounds:IsValid=true, Min=(X=4466.000 Y=2810.000 Z=0.000), Max=(X=4710.000 Y=2890.000 Z=198.450) RuntimeGrid:None EditorOnly:0 RuntimeOnly:0 HLODRelevant:0
 |   |   |- Guid:125C761E4DB733ACA792AC91462FB31A BaseClass:/Engine/EngineSky/BP_Sky_Sphere.BP_Sky_Sphere_C NativeClass:/Script/Engine.Actor Name:BP_Sky_Sphere_C_UAID_08BFB81711F5DFC301_1424714330 Label:BP_Sky_Sphere SpatiallyLoaded:0 Bounds:IsValid=true, Min=(X=-1637250.000 Y=-1636370.000 Z=-1637540.000), Max=(X=1639550.000 Y=1640430.000 Z=1639260.000) RuntimeGrid:None EditorOnly:0 RuntimeOnly:0 HLODRelevant:0
 |   |   |- Guid:147C8D134B12D635012D5F8C57D2C96F BaseClass: NativeClass:/Script/Engine.PostProcessVolume Name:PostProcessVolume_1 Label:PostProcessVolume SpatiallyLoaded:0 Bounds:IsValid=true, Min=(X=0.000 Y=0.000 Z=400.000), Max=(X=200.000 Y=200.000 Z=600.000) RuntimeGrid:None EditorOnly:0 RuntimeOnly:0 HLODRelevant:0 FolderPath:Lighting FolderGuid:4C9334684BA61B42C769F799D2576455
 |   |   |- Guid:1F6495D94CC4203C69CC7E9B7DD31398 BaseClass:/Game/Main/Blueprints/characters/enemies/HumanEnemyBP.HumanEnemyBP_C NativeClass:/Script/Engine.Character Name:HumanEnemyBP_C_UAID_50EBF6944DD05BC801_1805153385 Label:HumanEnemyBP14 SpatiallyLoaded:1 Bounds:IsValid=true, Min=(X=4486.000 Y=1820.000 Z=0.000), Max=(X=4730.000 Y=1900.000 Z=198.450) RuntimeGrid:None EditorOnly:0 RuntimeOnly:0 HLODRelevant:0
 |   |   |- Guid:2169CB5C470E0E674279BA96829753DD BaseClass: NativeClass:/Script/Engine.StaticMeshActor Name:StaticMeshActor_17 Label:SM_Cube SpatiallyLoaded:1 Bounds:IsValid=true, Min=(X=3000.000 Y=0.000 Z=-50.000), Max=(X=6000.000 Y=3500.000 Z=0.000) RuntimeGrid:None EditorOnly:0 RuntimeOnly:0 HLODRelevant:1 FolderPath:Playground FolderGuid:9FE5E8B349AF71F05F2688921F3F2AC5
 |   |   |- Guid:27208790408E91FBF325BBA0251BA27C BaseClass:/Game/Main/Blueprints/characters/enemies/HumanEnemyBP.HumanEnemyBP_C NativeClass:/Script/Engine.Character Name:HumanEnemyBP_C_UAID_50EBF6944DD05BC801_1799879381 Label:HumanEnemyBP10 SpatiallyLoaded:1 Bounds:IsValid=true, Min=(X=4486.000 Y=210.000 Z=0.000), Max=(X=4730.000 Y=290.000 Z=198.450) RuntimeGrid:None EditorOnly:0 RuntimeOnly:0 HLODRelevant:0
 |   |   |- Guid:275753CA444BEB291277C19CA6B5A17D BaseClass:/Game/Main/Blueprints/characters/enemies/HumanEnemyBP.HumanEnemyBP_C NativeClass:/Script/Engine.Character Name:HumanEnemyBP_C_UAID_50EBF6944DD0A1BD01_1753086082 Label:HumanEnemyBP5 SpatiallyLoaded:1 Bounds:IsValid=true, Min=(X=4186.000 Y=1060.000 Z=-0.075), Max=(X=4430.000 Y=1140.000 Z=188.000) RuntimeGrid:None EditorOnly:0 RuntimeOnly:0 HLODRelevant:0
 |   |   |- Guid:28B0F9E244A1C46ED470E7A3C9A47C12 BaseClass:/Game/Main/Blueprints/characters/enemies/HumanEnemyBP.HumanEnemyBP_C NativeClass:/Script/Engine.Character Name:HumanEnemyBP_C_UAID_50EBF6944DD05BC801_1795757380 Label:HumanEnemyBP9 SpatiallyLoaded:1 Bounds:IsValid=true, Min=(X=4186.000 Y=1570.000 Z=0.000), Max=(X=4430.000 Y=1650.000 Z=198.450) RuntimeGrid:None EditorOnly:0 RuntimeOnly:0 HLODRelevant:0
 |   |   |- Guid:2DF0D95440BE0EDA81652F860DC7268E BaseClass: NativeClass:/Script/Engine.WorldDataLayers Name:WorldDataLayers Label:WorldDataLayers SpatiallyLoaded:0 Bounds:IsValid=true, Min=(X=0.000 Y=0.000 Z=0.000), Max=(X=0.000 Y=0.000 Z=0.000) RuntimeGrid:None EditorOnly:0 RuntimeOnly:0 HLODRelevant:0
 |   |   |- Guid:3D455E414F1B40E5121A62BAF0B2B300 BaseClass:/Game/Main/Blueprints/characters/enemies/HumanEnemyBP.HumanEnemyBP_C NativeClass:/Script/Engine.Character Name:HumanEnemyBP_C_UAID_50EBF6944DD05BC801_1809115389 Label:HumanEnemyBP18 SpatiallyLoaded:1 Bounds:IsValid=true, Min=(X=4486.000 Y=2410.000 Z=0.000), Max=(X=4730.000 Y=2490.000 Z=198.450) RuntimeGrid:None EditorOnly:0 RuntimeOnly:0 HLODRelevant:0
 |   |   |- Guid:4558101B44E3B5EAEA35BC8E9D6F0B12 BaseClass: NativeClass:/Script/NavigationSystem.NavMeshBoundsVolume Name:NavMeshBoundsVolume_UAID_50EBF6944DD058C801_1864303848 Label:NavMeshBoundsVolume2 SpatiallyLoaded:0 Bounds:IsValid=true, Min=(X=-1915.000 Y=-2135.000 Z=-515.000), Max=(X=7435.000 Y=5915.000 Z=835.000) RuntimeGrid:None EditorOnly:0 RuntimeOnly:0 HLODRelevant:0
 |   |   |- Guid:4AFE232C44F82B24B45B70A31C5AC9E3 BaseClass:/Game/Main/Blueprints/characters/enemies/HumanEnemyBP.HumanEnemyBP_C NativeClass:/Script/Engine.Character Name:HumanEnemyBP_C_UAID_50EBF6944DD05BC801_1799899384 Label:HumanEnemyBP13 SpatiallyLoaded:1 Bounds:IsValid=true, Min=(X=4186.000 Y=590.000 Z=0.000), Max=(X=4430.000 Y=670.000 Z=198.450) RuntimeGrid:None EditorOnly:0 RuntimeOnly:0 HLODRelevant:0
 |   |   |- Guid:4B00896F48612807A30BE7AA13120505 BaseClass:/Game/Main/Blueprints/inventory/items/bp_item4.bp_item4_C NativeClass:/Script/Engine.Actor Name:bp_item4_C_UAID_50EBF6944DD09AC101_1864658076 Label:bp_item4 SpatiallyLoaded:1 Bounds:IsValid=true, Min=(X=1325.000 Y=1885.000 Z=-15.000), Max=(X=1355.000 Y=1915.000 Z=15.000) RuntimeGrid:None EditorOnly:0 RuntimeOnly:0 HLODRelevant:0
 |   |   |- Guid:5096EB8E434A03933C04CC81675A8053 BaseClass:/Game/Main/Blueprints/characters/enemies/HumanEnemyBP.HumanEnemyBP_C NativeClass:/Script/Engine.Character Name:HumanEnemyBP_C_UAID_50EBF6944DD05BC801_1799886382 Label:HumanEnemyBP11 SpatiallyLoaded:1 Bounds:IsValid=true, Min=(X=4406.000 Y=360.000 Z=0.000), Max=(X=4650.000 Y=440.000 Z=198.450) RuntimeGrid:None EditorOnly:0 RuntimeOnly:0 HLODRelevant:0
 |   |   |- Guid:516D224B459ADA699E9A659AA37B4BAF BaseClass: NativeClass:/Script/Engine.StaticMeshActor Name:StaticMeshActor_UAID_50EBF6944DD096C101_1753822368 Label:SM_Cube6 SpatiallyLoaded:1 Bounds:IsValid=true, Min=(X=3000.000 Y=-3490.000 Z=-50.000), Max=(X=6000.000 Y=10.000 Z=0.000) RuntimeGrid:None EditorOnly:0 RuntimeOnly:0 HLODRelevant:1 FolderPath:Playground FolderGuid:9FE5E8B349AF71F05F2688921F3F2AC5
 |   |   |- Guid:552434EF47CD60D74DA32E980DFFF7A9 BaseClass: NativeClass:/Script/Engine.StaticMeshActor Name:StaticMeshActor_UAID_50EBF6944DD096C101_1788038370 Label:SM_Cube8 SpatiallyLoaded:1 Bounds:IsValid=true, Min=(X=0.000 Y=3490.000 Z=-50.000), Max=(X=3000.000 Y=6990.000 Z=0.000) RuntimeGrid:None EditorOnly:0 RuntimeOnly:0 HLODRelevant:1 FolderPath:Playground FolderGuid:9FE5E8B349AF71F05F2688921F3F2AC5
 |   |   |- Guid:5D084760490532D592F20E9994C2184F BaseClass:/Game/Main/Blueprints/characters/enemies/HumanEnemyBP.HumanEnemyBP_C NativeClass:/Script/Engine.Character Name:HumanEnemyBP_C_UAID_50EBF6944DD05BC801_1795746378 Label:HumanEnemyBP7 SpatiallyLoaded:1 Bounds:IsValid=true, Min=(X=4406.000 Y=1340.000 Z=0.000), Max=(X=4650.000 Y=1420.000 Z=198.450) RuntimeGrid:None EditorOnly:0 RuntimeOnly:0 HLODRelevant:0
 |   |   |- Guid:633B92B24527D42B5498738B9C41737E BaseClass:/Game/Main/Blueprints/characters/enemies/HumanEnemyBP.HumanEnemyBP_C NativeClass:/Script/Engine.Character Name:HumanEnemyBP_C_UAID_50EBF6944DD05BC801_1809123390 Label:HumanEnemyBP19 SpatiallyLoaded:1 Bounds:IsValid=true, Min=(X=4406.000 Y=2560.000 Z=0.000), Max=(X=4650.000 Y=2640.000 Z=198.450) RuntimeGrid:None EditorOnly:0 RuntimeOnly:0 HLODRelevant:0
 |   |   |- Guid:698C35074DF37F67AE639F8B09CD6892 BaseClass:/Game/Main/Blueprints/inventory/items/rifleAmmunition.rifleAmmunition_C NativeClass:/Script/Engine.Actor Name:bp_item3_C_UAID_08BFB81711F57BBF01_1278502504 Label:bp_item3 SpatiallyLoaded:1 Bounds:IsValid=true, Min=(X=295.000 Y=2195.000 Z=-15.000), Max=(X=325.000 Y=2225.000 Z=15.000) RuntimeGrid:None EditorOnly:0 RuntimeOnly:0 HLODRelevant:0
 |   |   |- Guid:77C043E4474EB396E46BC19DEA495A8F BaseClass:/Game/Main/Blueprints/characters/enemies/HumanEnemyBP.HumanEnemyBP_C NativeClass:/Script/Engine.Character Name:HumanEnemyBP_C_UAID_50EBF6944DD05BC801_1805160386 Label:HumanEnemyBP15 SpatiallyLoaded:1 Bounds:IsValid=true, Min=(X=4406.000 Y=1970.000 Z=0.000), Max=(X=4650.000 Y=2050.000 Z=198.450) RuntimeGrid:None EditorOnly:0 RuntimeOnly:0 HLODRelevant:0
 |   |   |- Guid:7A6A71C94DC4EB8D1E3C6683C951D3F1 BaseClass:/Game/Main/Blueprints/characters/enemies/HumanEnemyBP.HumanEnemyBP_C NativeClass:/Script/Engine.Character Name:HumanEnemyBP_C_UAID_50EBF6944DD05BC801_1805175388 Label:HumanEnemyBP17 SpatiallyLoaded:1 Bounds:IsValid=true, Min=(X=4186.000 Y=2200.000 Z=0.000), Max=(X=4430.000 Y=2280.000 Z=198.450) RuntimeGrid:None EditorOnly:0 RuntimeOnly:0 HLODRelevant:0
 |   |   |- Guid:84FD511F4F36229415E01DA495F85D79 BaseClass:/Game/Main/Blueprints/characters/enemies/HumanEnemyBP.HumanEnemyBP_C NativeClass:/Script/Engine.Character Name:HumanEnemyBP_C_UAID_50EBF6944DD0A1BD01_1748934080 Label:HumanEnemyBP3 SpatiallyLoaded:1 Bounds:IsValid=true, Min=(X=4466.000 Y=1080.000 Z=-0.075), Max=(X=4710.000 Y=1160.000 Z=188.000) RuntimeGrid:None EditorOnly:0 RuntimeOnly:0 HLODRelevant:0
 |   |   |- Guid:85F81E2942F4CEB99371F5B0ED2289FF BaseClass:/Game/Main/Blueprints/characters/enemies/Turret.Turret_C NativeClass:/Script/Engine.Character Name:Turret_C_UAID_08BFB81711F5ADC101_1212236418 Label:Turret SpatiallyLoaded:1 Bounds:IsValid=true, Min=(X=246.687 Y=2677.774 Z=-30.426), Max=(X=750.000 Y=2882.045 Z=231.789) RuntimeGrid:None EditorOnly:0 RuntimeOnly:0 HLODRelevant:0
 |   |   |- Guid:8DBE6D7542ABF02D52B86BAF8B092853 BaseClass:/Game/Main/Blueprints/inventory/items/autoRifle.autoRifle_C NativeClass:/Script/Engine.Actor Name:bp_item1_C_UAID_08BFB81711F57BBF01_1282370506 Label:bp_item1 SpatiallyLoaded:1 Bounds:IsValid=true, Min=(X=1325.000 Y=3015.000 Z=-15.000), Max=(X=1355.000 Y=3045.000 Z=15.000) RuntimeGrid:None EditorOnly:0 RuntimeOnly:0 HLODRelevant:0
 |   |   |- Guid:93CD3435423EF26896D9FF99D9EF4847 BaseClass: NativeClass:/Script/Engine.PlayerStart Name:PlayerStart_UAID_50EBF6944DD08EC201_1263449015 Label:PlayerStart SpatiallyLoaded:0 Bounds:IsValid=true, Min=(X=400.000 Y=1840.000 Z=0.000), Max=(X=480.000 Y=1920.000 Z=184.000) RuntimeGrid:None EditorOnly:0 RuntimeOnly:0 HLODRelevant:0
 |   |   |- Guid:9654582D498F97C1334EDF8BF826DBE5 BaseClass:/Game/Main/Blueprints/characters/enemies/HumanEnemyBP.HumanEnemyBP_C NativeClass:/Script/Engine.Character Name:HumanEnemyBP_C_UAID_50EBF6944DD05BC801_1805168387 Label:HumanEnemyBP16 SpatiallyLoaded:1 Bounds:IsValid=true, Min=(X=4466.000 Y=2220.000 Z=0.000), Max=(X=4710.000 Y=2300.000 Z=198.450) RuntimeGrid:None EditorOnly:0 RuntimeOnly:0 HLODRelevant:0
 |   |   |- Guid:9712C2A448335C5454CBCEAB4801C7B7 BaseClass: NativeClass:/Script/Engine.StaticMeshActor Name:StaticMeshActor_UAID_50EBF6944DD096C101_1693550367 Label:SM_Cube4 SpatiallyLoaded:1 Bounds:IsValid=true, Min=(X=0.000 Y=0.000 Z=-50.000), Max=(X=3000.000 Y=3500.000 Z=0.000) RuntimeGrid:None EditorOnly:0 RuntimeOnly:0 HLODRelevant:1 FolderPath:Playground FolderGuid:9FE5E8B349AF71F05F2688921F3F2AC5
 |   |   |- Guid:97345EF247FD2700EEC1AEB08F85A466 BaseClass:/Game/Main/Blueprints/characters/enemies/HumanEnemyBP.HumanEnemyBP_C NativeClass:/Script/Engine.Character Name:HumanEnemyBP_C_UAID_50EBF6944DD0A1BD01_1747096079 Label:HumanEnemyBP2 SpatiallyLoaded:1 Bounds:IsValid=true, Min=(X=4486.000 Y=680.000 Z=-0.075), Max=(X=4730.000 Y=760.000 Z=188.000) RuntimeGrid:None EditorOnly:0 RuntimeOnly:0 HLODRelevant:0
 |   |   |- Guid:9DA4E0234A4D34B40FF0B99B057A73AE BaseClass: NativeClass:/Script/Engine.StaticMeshActor Name:StaticMeshActor_UAID_08BFB81711F5A0C101_1117377129 Label:SM_Cube3 SpatiallyLoaded:1 Bounds:IsValid=true, Min=(X=0.000 Y=1400.000 Z=0.000), Max=(X=900.000 Y=1450.000 Z=400.000) RuntimeGrid:None EditorOnly:0 RuntimeOnly:0 HLODRelevant:1 FolderPath:Playground FolderGuid:9FE5E8B349AF71F05F2688921F3F2AC5
 |   |   |- Guid:ACE6B3DF498C8CCF44A46393040652A5 BaseClass:/Game/Main/Blueprints/characters/enemies/HumanEnemyBP.HumanEnemyBP_C NativeClass:/Script/Engine.Character Name:HumanEnemyBP_C_UAID_50EBF6944DD0A1BD01_1751293081 Label:HumanEnemyBP4 SpatiallyLoaded:1 Bounds:IsValid=true, Min=(X=4406.000 Y=830.000 Z=-0.075), Max=(X=4650.000 Y=910.000 Z=188.000) RuntimeGrid:None EditorOnly:0 RuntimeOnly:0 HLODRelevant:0
 |   |   |- Guid:B798A6104A094A5324BB14A01B2700CD BaseClass: NativeClass:/Script/Engine.StaticMeshActor Name:StaticMeshActor_UAID_50EBF6944DD096C101_1808296371 Label:SM_Cube9 SpatiallyLoaded:1 Bounds:IsValid=true, Min=(X=10.000 Y=-3490.000 Z=-50.000), Max=(X=3010.000 Y=10.000 Z=0.000) RuntimeGrid:None EditorOnly:0 RuntimeOnly:0 HLODRelevant:1 FolderPath:Playground FolderGuid:9FE5E8B349AF71F05F2688921F3F2AC5
 |   |   |- Guid:BAF5F3CB4795A5D06BA9629597DEFB20 BaseClass:/Game/Main/Blueprints/inventory/items/bp_item2.bp_item2_C NativeClass:/Script/Engine.Actor Name:bp_item2_C_UAID_08BFB81711F57BBF01_1280415505 Label:bp_item2 SpatiallyLoaded:1 Bounds:IsValid=true, Min=(X=895.000 Y=2485.000 Z=-15.000), Max=(X=925.000 Y=2515.000 Z=15.000) RuntimeGrid:None EditorOnly:0 RuntimeOnly:0 HLODRelevant:0
 |   |   |- Guid:BD6FB2EE4A7B4C8A722D70BE668AF10E BaseClass:/Game/Main/Blueprints/characters/enemies/HumanEnemyBP.HumanEnemyBP_C NativeClass:/Script/Engine.Character Name:HumanEnemyBP_C_UAID_50EBF6944DD05BC801_1809139392 Label:HumanEnemyBP21 SpatiallyLoaded:1 Bounds:IsValid=true, Min=(X=4186.000 Y=2790.000 Z=0.000), Max=(X=4430.000 Y=2870.000 Z=198.450) RuntimeGrid:None EditorOnly:0 RuntimeOnly:0 HLODRelevant:0
 |   |   |- Guid:CCDD89584E0A9025F52AEDA51D60CA54 BaseClass: NativeClass:/Script/NavigationSystem.NavMeshBoundsVolume Name:NavMeshBoundsVolume_1 Label:NavMeshBoundsVolume SpatiallyLoaded:0 Bounds:IsValid=true, Min=(X=-430.000 Y=-3800.000 Z=-110.000), Max=(X=5970.000 Y=7300.000 Z=390.000) RuntimeGrid:None EditorOnly:0 RuntimeOnly:0 HLODRelevant:0 FolderPath:Navigation FolderGuid:AE45D61F453CC144CF8289862C276E89
 |   |   |- Guid:CEFBB275440A2389A1F89AA9EC6F2AAE BaseClass: NativeClass:/Script/Engine.StaticMeshActor Name:StaticMeshActor_UAID_50EBF6944DD096C101_1778251369 Label:SM_Cube7 SpatiallyLoaded:1 Bounds:IsValid=true, Min=(X=3000.000 Y=3490.000 Z=-50.000), Max=(X=6000.000 Y=6990.000 Z=0.000) RuntimeGrid:None EditorOnly:0 RuntimeOnly:0 HLODRelevant:1 FolderPath:Playground FolderGuid:9FE5E8B349AF71F05F2688921F3F2AC5
 |   |   |- Guid:D94534EE4C3F16BC9876D6B8E1CA00CC BaseClass: NativeClass:/Script/Engine.DirectionalLight Name:DirectionalLight_UAID_50EBF6944DD058C801_1462876847 Label:DirectionalLight SpatiallyLoaded:0 Bounds:IsValid=true, Min=(X=-4398046511104.000 Y=-4398046511104.000 Z=-4398046511104.000), Max=(X=4398046511104.000 Y=4398046511104.000 Z=4398046511104.000) RuntimeGrid:None EditorOnly:0 RuntimeOnly:0 HLODRelevant:0
 |   |   |- Guid:DC5F2FDF4852EA0DB67B86B580F1E78B BaseClass: NativeClass:/Script/Engine.SkyLight Name:SkyLight_UAID_50EBF6944DD0BBC701_1915507217 Label:SkyLight SpatiallyLoaded:0 Bounds:IsValid=true, Min=(X=-930.000 Y=2780.000 Z=930.000), Max=(X=-930.000 Y=2780.000 Z=930.000) RuntimeGrid:None EditorOnly:0 RuntimeOnly:0 HLODRelevant:0
 |   |   |- Guid:E42BE71941A3987E6BD10AAF679154A1 BaseClass:/Game/Main/Blueprints/characters/enemies/HumanEnemyBP.HumanEnemyBP_C NativeClass:/Script/Engine.Character Name:HumanEnemyBP_C_UAID_50EBF6944DD05BC801_1795739377 Label:HumanEnemyBP6 SpatiallyLoaded:1 Bounds:IsValid=true, Min=(X=4486.000 Y=1190.000 Z=0.000), Max=(X=4730.000 Y=1270.000 Z=198.450) RuntimeGrid:None EditorOnly:0 RuntimeOnly:0 HLODRelevant:0
 |   |   |- Guid:F5FF349F4E8A1F9F14241B8E52EE43DF BaseClass:/Game/Main/Blueprints/characters/enemies/HumanEnemyBP.HumanEnemyBP_C NativeClass:/Script/Engine.Character Name:HumanEnemyBP_C_UAID_50EBF6944DD05BC801_1799892383 Label:HumanEnemyBP12 SpatiallyLoaded:1 Bounds:IsValid=true, Min=(X=4466.000 Y=610.000 Z=0.000), Max=(X=4710.000 Y=690.000 Z=198.450) RuntimeGrid:None EditorOnly:0 RuntimeOnly:0 HLODRelevant:0
 |   |   |- Guid:FC69EB1E43A6DD8D7F30C8AB9A720BDF BaseClass:/Game/Main/Blueprints/characters/enemies/HumanEnemyBP.HumanEnemyBP_C NativeClass:/Script/Engine.Character Name:HumanEnemyBP_C_UAID_50EBF6944DD05BC801_1795751379 Label:HumanEnemyBP8 SpatiallyLoaded:1 Bounds:IsValid=true, Min=(X=4466.000 Y=1590.000 Z=0.000), Max=(X=4710.000 Y=1670.000 Z=198.450) RuntimeGrid:None EditorOnly:0 RuntimeOnly:0 HLODRelevant:0
 |   |- [+] Clusters:
 |   |   |- [+] [  0]
 |   |   |   |- Guid:516D224B459ADA699E9A659AA37B4BAF BaseClass: NativeClass:/Script/Engine.StaticMeshActor Name:StaticMeshActor_UAID_50EBF6944DD096C101_1753822368 Label:SM_Cube6 SpatiallyLoaded:1 Bounds:IsValid=true, Min=(X=3000.000 Y=-3490.000 Z=-50.000), Max=(X=6000.000 Y=10.000 Z=0.000) RuntimeGrid:None EditorOnly:0 RuntimeOnly:0 HLODRelevant:1 FolderPath:Playground FolderGuid:9FE5E8B349AF71F05F2688921F3F2AC5
 |   |   |- [+] [  1]
 |   |   |   |- Guid:97345EF247FD2700EEC1AEB08F85A466 BaseClass:/Game/Main/Blueprints/characters/enemies/HumanEnemyBP.HumanEnemyBP_C NativeClass:/Script/Engine.Character Name:HumanEnemyBP_C_UAID_50EBF6944DD0A1BD01_1747096079 Label:HumanEnemyBP2 SpatiallyLoaded:1 Bounds:IsValid=true, Min=(X=4486.000 Y=680.000 Z=-0.075), Max=(X=4730.000 Y=760.000 Z=188.000) RuntimeGrid:None EditorOnly:0 RuntimeOnly:0 HLODRelevant:0
 |   |   |- [+] [  2]
 |   |   |   |- Guid:DC5F2FDF4852EA0DB67B86B580F1E78B BaseClass: NativeClass:/Script/Engine.SkyLight Name:SkyLight_UAID_50EBF6944DD0BBC701_1915507217 Label:SkyLight SpatiallyLoaded:0 Bounds:IsValid=true, Min=(X=-930.000 Y=2780.000 Z=930.000), Max=(X=-930.000 Y=2780.000 Z=930.000) RuntimeGrid:None EditorOnly:0 RuntimeOnly:0 HLODRelevant:0
 |   |   |- [+] [  3]
 |   |   |   |- Guid:ACE6B3DF498C8CCF44A46393040652A5 BaseClass:/Game/Main/Blueprints/characters/enemies/HumanEnemyBP.HumanEnemyBP_C NativeClass:/Script/Engine.Character Name:HumanEnemyBP_C_UAID_50EBF6944DD0A1BD01_1751293081 Label:HumanEnemyBP4 SpatiallyLoaded:1 Bounds:IsValid=true, Min=(X=4406.000 Y=830.000 Z=-0.075), Max=(X=4650.000 Y=910.000 Z=188.000) RuntimeGrid:None EditorOnly:0 RuntimeOnly:0 HLODRelevant:0
 |   |   |- [+] [  4]
 |   |   |   |- Guid:552434EF47CD60D74DA32E980DFFF7A9 BaseClass: NativeClass:/Script/Engine.StaticMeshActor Name:StaticMeshActor_UAID_50EBF6944DD096C101_1788038370 Label:SM_Cube8 SpatiallyLoaded:1 Bounds:IsValid=true, Min=(X=0.000 Y=3490.000 Z=-50.000), Max=(X=3000.000 Y=6990.000 Z=0.000) RuntimeGrid:None EditorOnly:0 RuntimeOnly:0 HLODRelevant:1 FolderPath:Playground FolderGuid:9FE5E8B349AF71F05F2688921F3F2AC5
 |   |   |- [+] [  5]
 |   |   |   |- Guid:84FD511F4F36229415E01DA495F85D79 BaseClass:/Game/Main/Blueprints/characters/enemies/HumanEnemyBP.HumanEnemyBP_C NativeClass:/Script/Engine.Character Name:HumanEnemyBP_C_UAID_50EBF6944DD0A1BD01_1748934080 Label:HumanEnemyBP3 SpatiallyLoaded:1 Bounds:IsValid=true, Min=(X=4466.000 Y=1080.000 Z=-0.075), Max=(X=4710.000 Y=1160.000 Z=188.000) RuntimeGrid:None EditorOnly:0 RuntimeOnly:0 HLODRelevant:0
 |   |   |- [+] [  6]
 |   |   |   |- Guid:698C35074DF37F67AE639F8B09CD6892 BaseClass:/Game/Main/Blueprints/inventory/items/rifleAmmunition.rifleAmmunition_C NativeClass:/Script/Engine.Actor Name:bp_item3_C_UAID_08BFB81711F57BBF01_1278502504 Label:bp_item3 SpatiallyLoaded:1 Bounds:IsValid=true, Min=(X=295.000 Y=2195.000 Z=-15.000), Max=(X=325.000 Y=2225.000 Z=15.000) RuntimeGrid:None EditorOnly:0 RuntimeOnly:0 HLODRelevant:0
 |   |   |- [+] [  7]
 |   |   |   |- Guid:85F81E2942F4CEB99371F5B0ED2289FF BaseClass:/Game/Main/Blueprints/characters/enemies/Turret.Turret_C NativeClass:/Script/Engine.Character Name:Turret_C_UAID_08BFB81711F5ADC101_1212236418 Label:Turret SpatiallyLoaded:1 Bounds:IsValid=true, Min=(X=246.687 Y=2677.774 Z=-30.426), Max=(X=750.000 Y=2882.045 Z=231.789) RuntimeGrid:None EditorOnly:0 RuntimeOnly:0 HLODRelevant:0
 |   |   |- [+] [  8]
 |   |   |   |- Guid:BAF5F3CB4795A5D06BA9629597DEFB20 BaseClass:/Game/Main/Blueprints/inventory/items/bp_item2.bp_item2_C NativeClass:/Script/Engine.Actor Name:bp_item2_C_UAID_08BFB81711F57BBF01_1280415505 Label:bp_item2 SpatiallyLoaded:1 Bounds:IsValid=true, Min=(X=895.000 Y=2485.000 Z=-15.000), Max=(X=925.000 Y=2515.000 Z=15.000) RuntimeGrid:None EditorOnly:0 RuntimeOnly:0 HLODRelevant:0
 |   |   |- [+] [  9]
 |   |   |   |- Guid:2169CB5C470E0E674279BA96829753DD BaseClass: NativeClass:/Script/Engine.StaticMeshActor Name:StaticMeshActor_17 Label:SM_Cube SpatiallyLoaded:1 Bounds:IsValid=true, Min=(X=3000.000 Y=0.000 Z=-50.000), Max=(X=6000.000 Y=3500.000 Z=0.000) RuntimeGrid:None EditorOnly:0 RuntimeOnly:0 HLODRelevant:1 FolderPath:Playground FolderGuid:9FE5E8B349AF71F05F2688921F3F2AC5
 |   |   |- [+] [ 10]
 |   |   |   |- Guid:092A34004CC5C81B9CF0BDB7D47BABA4 BaseClass: NativeClass:/Script/Engine.StaticMeshActor Name:StaticMeshActor_UAID_08BFB81711F5DFC301_1273428329 Label:SM_Cube5 SpatiallyLoaded:1 Bounds:IsValid=true, Min=(X=0.000 Y=2110.000 Z=0.000), Max=(X=900.000 Y=2160.000 Z=400.000) RuntimeGrid:None EditorOnly:0 RuntimeOnly:0 HLODRelevant:1 FolderPath:Playground FolderGuid:9FE5E8B349AF71F05F2688921F3F2AC5
 |   |   |- [+] [ 11]
 |   |   |   |- Guid:125C761E4DB733ACA792AC91462FB31A BaseClass:/Engine/EngineSky/BP_Sky_Sphere.BP_Sky_Sphere_C NativeClass:/Script/Engine.Actor Name:BP_Sky_Sphere_C_UAID_08BFB81711F5DFC301_1424714330 Label:BP_Sky_Sphere SpatiallyLoaded:0 Bounds:IsValid=true, Min=(X=-1637250.000 Y=-1636370.000 Z=-1637540.000), Max=(X=1639550.000 Y=1640430.000 Z=1639260.000) RuntimeGrid:None EditorOnly:0 RuntimeOnly:0 HLODRelevant:0
 |   |   |- [+] [ 12]
 |   |   |   |- Guid:CCDD89584E0A9025F52AEDA51D60CA54 BaseClass: NativeClass:/Script/NavigationSystem.NavMeshBoundsVolume Name:NavMeshBoundsVolume_1 Label:NavMeshBoundsVolume SpatiallyLoaded:0 Bounds:IsValid=true, Min=(X=-430.000 Y=-3800.000 Z=-110.000), Max=(X=5970.000 Y=7300.000 Z=390.000) RuntimeGrid:None EditorOnly:0 RuntimeOnly:0 HLODRelevant:0 FolderPath:Navigation FolderGuid:AE45D61F453CC144CF8289862C276E89
 |   |   |- [+] [ 13]
 |   |   |   |- Guid:B798A6104A094A5324BB14A01B2700CD BaseClass: NativeClass:/Script/Engine.StaticMeshActor Name:StaticMeshActor_UAID_50EBF6944DD096C101_1808296371 Label:SM_Cube9 SpatiallyLoaded:1 Bounds:IsValid=true, Min=(X=10.000 Y=-3490.000 Z=-50.000), Max=(X=3010.000 Y=10.000 Z=0.000) RuntimeGrid:None EditorOnly:0 RuntimeOnly:0 HLODRelevant:1 FolderPath:Playground FolderGuid:9FE5E8B349AF71F05F2688921F3F2AC5
 |   |   |- [+] [ 14]
 |   |   |   |- Guid:4B00896F48612807A30BE7AA13120505 BaseClass:/Game/Main/Blueprints/inventory/items/bp_item4.bp_item4_C NativeClass:/Script/Engine.Actor Name:bp_item4_C_UAID_50EBF6944DD09AC101_1864658076 Label:bp_item4 SpatiallyLoaded:1 Bounds:IsValid=true, Min=(X=1325.000 Y=1885.000 Z=-15.000), Max=(X=1355.000 Y=1915.000 Z=15.000) RuntimeGrid:None EditorOnly:0 RuntimeOnly:0 HLODRelevant:0
 |   |   |- [+] [ 15]
 |   |   |   |- Guid:147C8D134B12D635012D5F8C57D2C96F BaseClass: NativeClass:/Script/Engine.PostProcessVolume Name:PostProcessVolume_1 Label:PostProcessVolume SpatiallyLoaded:0 Bounds:IsValid=true, Min=(X=0.000 Y=0.000 Z=400.000), Max=(X=200.000 Y=200.000 Z=600.000) RuntimeGrid:None EditorOnly:0 RuntimeOnly:0 HLODRelevant:0 FolderPath:Lighting FolderGuid:4C9334684BA61B42C769F799D2576455
 |   |   |- [+] [ 16]
 |   |   |   |- Guid:2DF0D95440BE0EDA81652F860DC7268E BaseClass: NativeClass:/Script/Engine.WorldDataLayers Name:WorldDataLayers Label:WorldDataLayers SpatiallyLoaded:0 Bounds:IsValid=true, Min=(X=0.000 Y=0.000 Z=0.000), Max=(X=0.000 Y=0.000 Z=0.000) RuntimeGrid:None EditorOnly:0 RuntimeOnly:0 HLODRelevant:0
 |   |   |- [+] [ 17]
 |   |   |   |- Guid:8DBE6D7542ABF02D52B86BAF8B092853 BaseClass:/Game/Main/Blueprints/inventory/items/autoRifle.autoRifle_C NativeClass:/Script/Engine.Actor Name:bp_item1_C_UAID_08BFB81711F57BBF01_1282370506 Label:bp_item1 SpatiallyLoaded:1 Bounds:IsValid=true, Min=(X=1325.000 Y=3015.000 Z=-15.000), Max=(X=1355.000 Y=3045.000 Z=15.000) RuntimeGrid:None EditorOnly:0 RuntimeOnly:0 HLODRelevant:0
 |   |   |- [+] [ 18]
 |   |   |   |- Guid:9712C2A448335C5454CBCEAB4801C7B7 BaseClass: NativeClass:/Script/Engine.StaticMeshActor Name:StaticMeshActor_UAID_50EBF6944DD096C101_1693550367 Label:SM_Cube4 SpatiallyLoaded:1 Bounds:IsValid=true, Min=(X=0.000 Y=0.000 Z=-50.000), Max=(X=3000.000 Y=3500.000 Z=0.000) RuntimeGrid:None EditorOnly:0 RuntimeOnly:0 HLODRelevant:1 FolderPath:Playground FolderGuid:9FE5E8B349AF71F05F2688921F3F2AC5
 |   |   |- [+] [ 19]
 |   |   |   |- Guid:CEFBB275440A2389A1F89AA9EC6F2AAE BaseClass: NativeClass:/Script/Engine.StaticMeshActor Name:StaticMeshActor_UAID_50EBF6944DD096C101_1778251369 Label:SM_Cube7 SpatiallyLoaded:1 Bounds:IsValid=true, Min=(X=3000.000 Y=3490.000 Z=-50.000), Max=(X=6000.000 Y=6990.000 Z=0.000) RuntimeGrid:None EditorOnly:0 RuntimeOnly:0 HLODRelevant:1 FolderPath:Playground FolderGuid:9FE5E8B349AF71F05F2688921F3F2AC5
 |   |   |- [+] [ 20]
 |   |   |   |- Guid:9DA4E0234A4D34B40FF0B99B057A73AE BaseClass: NativeClass:/Script/Engine.StaticMeshActor Name:StaticMeshActor_UAID_08BFB81711F5A0C101_1117377129 Label:SM_Cube3 SpatiallyLoaded:1 Bounds:IsValid=true, Min=(X=0.000 Y=1400.000 Z=0.000), Max=(X=900.000 Y=1450.000 Z=400.000) RuntimeGrid:None EditorOnly:0 RuntimeOnly:0 HLODRelevant:1 FolderPath:Playground FolderGuid:9FE5E8B349AF71F05F2688921F3F2AC5
 |   |   |- [+] [ 21]
 |   |   |   |- Guid:93CD3435423EF26896D9FF99D9EF4847 BaseClass: NativeClass:/Script/Engine.PlayerStart Name:PlayerStart_UAID_50EBF6944DD08EC201_1263449015 Label:PlayerStart SpatiallyLoaded:0 Bounds:IsValid=true, Min=(X=400.000 Y=1840.000 Z=0.000), Max=(X=480.000 Y=1920.000 Z=184.000) RuntimeGrid:None EditorOnly:0 RuntimeOnly:0 HLODRelevant:0
 |   |   |- [+] [ 22]
 |   |   |   |- Guid:275753CA444BEB291277C19CA6B5A17D BaseClass:/Game/Main/Blueprints/characters/enemies/HumanEnemyBP.HumanEnemyBP_C NativeClass:/Script/Engine.Character Name:HumanEnemyBP_C_UAID_50EBF6944DD0A1BD01_1753086082 Label:HumanEnemyBP5 SpatiallyLoaded:1 Bounds:IsValid=true, Min=(X=4186.000 Y=1060.000 Z=-0.075), Max=(X=4430.000 Y=1140.000 Z=188.000) RuntimeGrid:None EditorOnly:0 RuntimeOnly:0 HLODRelevant:0
 |   |   |- [+] [ 23]
 |   |   |   |- Guid:D94534EE4C3F16BC9876D6B8E1CA00CC BaseClass: NativeClass:/Script/Engine.DirectionalLight Name:DirectionalLight_UAID_50EBF6944DD058C801_1462876847 Label:DirectionalLight SpatiallyLoaded:0 Bounds:IsValid=true, Min=(X=-4398046511104.000 Y=-4398046511104.000 Z=-4398046511104.000), Max=(X=4398046511104.000 Y=4398046511104.000 Z=4398046511104.000) RuntimeGrid:None EditorOnly:0 RuntimeOnly:0 HLODRelevant:0
 |   |   |- [+] [ 24]
 |   |   |   |- Guid:4558101B44E3B5EAEA35BC8E9D6F0B12 BaseClass: NativeClass:/Script/NavigationSystem.NavMeshBoundsVolume Name:NavMeshBoundsVolume_UAID_50EBF6944DD058C801_1864303848 Label:NavMeshBoundsVolume2 SpatiallyLoaded:0 Bounds:IsValid=true, Min=(X=-1915.000 Y=-2135.000 Z=-515.000), Max=(X=7435.000 Y=5915.000 Z=835.000) RuntimeGrid:None EditorOnly:0 RuntimeOnly:0 HLODRelevant:0
 |   |   |- [+] [ 25]
 |   |   |   |- Guid:E42BE71941A3987E6BD10AAF679154A1 BaseClass:/Game/Main/Blueprints/characters/enemies/HumanEnemyBP.HumanEnemyBP_C NativeClass:/Script/Engine.Character Name:HumanEnemyBP_C_UAID_50EBF6944DD05BC801_1795739377 Label:HumanEnemyBP6 SpatiallyLoaded:1 Bounds:IsValid=true, Min=(X=4486.000 Y=1190.000 Z=0.000), Max=(X=4730.000 Y=1270.000 Z=198.450) RuntimeGrid:None EditorOnly:0 RuntimeOnly:0 HLODRelevant:0
 |   |   |- [+] [ 26]
 |   |   |   |- Guid:5D084760490532D592F20E9994C2184F BaseClass:/Game/Main/Blueprints/characters/enemies/HumanEnemyBP.HumanEnemyBP_C NativeClass:/Script/Engine.Character Name:HumanEnemyBP_C_UAID_50EBF6944DD05BC801_1795746378 Label:HumanEnemyBP7 SpatiallyLoaded:1 Bounds:IsValid=true, Min=(X=4406.000 Y=1340.000 Z=0.000), Max=(X=4650.000 Y=1420.000 Z=198.450) RuntimeGrid:None EditorOnly:0 RuntimeOnly:0 HLODRelevant:0
 |   |   |- [+] [ 27]
 |   |   |   |- Guid:FC69EB1E43A6DD8D7F30C8AB9A720BDF BaseClass:/Game/Main/Blueprints/characters/enemies/HumanEnemyBP.HumanEnemyBP_C NativeClass:/Script/Engine.Character Name:HumanEnemyBP_C_UAID_50EBF6944DD05BC801_1795751379 Label:HumanEnemyBP8 SpatiallyLoaded:1 Bounds:IsValid=true, Min=(X=4466.000 Y=1590.000 Z=0.000), Max=(X=4710.000 Y=1670.000 Z=198.450) RuntimeGrid:None EditorOnly:0 RuntimeOnly:0 HLODRelevant:0
 |   |   |- [+] [ 28]
 |   |   |   |- Guid:28B0F9E244A1C46ED470E7A3C9A47C12 BaseClass:/Game/Main/Blueprints/characters/enemies/HumanEnemyBP.HumanEnemyBP_C NativeClass:/Script/Engine.Character Name:HumanEnemyBP_C_UAID_50EBF6944DD05BC801_1795757380 Label:HumanEnemyBP9 SpatiallyLoaded:1 Bounds:IsValid=true, Min=(X=4186.000 Y=1570.000 Z=0.000), Max=(X=4430.000 Y=1650.000 Z=198.450) RuntimeGrid:None EditorOnly:0 RuntimeOnly:0 HLODRelevant:0
 |   |   |- [+] [ 29]
 |   |   |   |- Guid:27208790408E91FBF325BBA0251BA27C BaseClass:/Game/Main/Blueprints/characters/enemies/HumanEnemyBP.HumanEnemyBP_C NativeClass:/Script/Engine.Character Name:HumanEnemyBP_C_UAID_50EBF6944DD05BC801_1799879381 Label:HumanEnemyBP10 SpatiallyLoaded:1 Bounds:IsValid=true, Min=(X=4486.000 Y=210.000 Z=0.000), Max=(X=4730.000 Y=290.000 Z=198.450) RuntimeGrid:None EditorOnly:0 RuntimeOnly:0 HLODRelevant:0
 |   |   |- [+] [ 30]
 |   |   |   |- Guid:5096EB8E434A03933C04CC81675A8053 BaseClass:/Game/Main/Blueprints/characters/enemies/HumanEnemyBP.HumanEnemyBP_C NativeClass:/Script/Engine.Character Name:HumanEnemyBP_C_UAID_50EBF6944DD05BC801_1799886382 Label:HumanEnemyBP11 SpatiallyLoaded:1 Bounds:IsValid=true, Min=(X=4406.000 Y=360.000 Z=0.000), Max=(X=4650.000 Y=440.000 Z=198.450) RuntimeGrid:None EditorOnly:0 RuntimeOnly:0 HLODRelevant:0
 |   |   |- [+] [ 31]
 |   |   |   |- Guid:F5FF349F4E8A1F9F14241B8E52EE43DF BaseClass:/Game/Main/Blueprints/characters/enemies/HumanEnemyBP.HumanEnemyBP_C NativeClass:/Script/Engine.Character Name:HumanEnemyBP_C_UAID_50EBF6944DD05BC801_1799892383 Label:HumanEnemyBP12 SpatiallyLoaded:1 Bounds:IsValid=true, Min=(X=4466.000 Y=610.000 Z=0.000), Max=(X=4710.000 Y=690.000 Z=198.450) RuntimeGrid:None EditorOnly:0 RuntimeOnly:0 HLODRelevant:0
 |   |   |- [+] [ 32]
 |   |   |   |- Guid:4AFE232C44F82B24B45B70A31C5AC9E3 BaseClass:/Game/Main/Blueprints/characters/enemies/HumanEnemyBP.HumanEnemyBP_C NativeClass:/Script/Engine.Character Name:HumanEnemyBP_C_UAID_50EBF6944DD05BC801_1799899384 Label:HumanEnemyBP13 SpatiallyLoaded:1 Bounds:IsValid=true, Min=(X=4186.000 Y=590.000 Z=0.000), Max=(X=4430.000 Y=670.000 Z=198.450) RuntimeGrid:None EditorOnly:0 RuntimeOnly:0 HLODRelevant:0
 |   |   |- [+] [ 33]
 |   |   |   |- Guid:1F6495D94CC4203C69CC7E9B7DD31398 BaseClass:/Game/Main/Blueprints/characters/enemies/HumanEnemyBP.HumanEnemyBP_C NativeClass:/Script/Engine.Character Name:HumanEnemyBP_C_UAID_50EBF6944DD05BC801_1805153385 Label:HumanEnemyBP14 SpatiallyLoaded:1 Bounds:IsValid=true, Min=(X=4486.000 Y=1820.000 Z=0.000), Max=(X=4730.000 Y=1900.000 Z=198.450) RuntimeGrid:None EditorOnly:0 RuntimeOnly:0 HLODRelevant:0
 |   |   |- [+] [ 34]
 |   |   |   |- Guid:77C043E4474EB396E46BC19DEA495A8F BaseClass:/Game/Main/Blueprints/characters/enemies/HumanEnemyBP.HumanEnemyBP_C NativeClass:/Script/Engine.Character Name:HumanEnemyBP_C_UAID_50EBF6944DD05BC801_1805160386 Label:HumanEnemyBP15 SpatiallyLoaded:1 Bounds:IsValid=true, Min=(X=4406.000 Y=1970.000 Z=0.000), Max=(X=4650.000 Y=2050.000 Z=198.450) RuntimeGrid:None EditorOnly:0 RuntimeOnly:0 HLODRelevant:0
 |   |   |- [+] [ 35]
 |   |   |   |- Guid:9654582D498F97C1334EDF8BF826DBE5 BaseClass:/Game/Main/Blueprints/characters/enemies/HumanEnemyBP.HumanEnemyBP_C NativeClass:/Script/Engine.Character Name:HumanEnemyBP_C_UAID_50EBF6944DD05BC801_1805168387 Label:HumanEnemyBP16 SpatiallyLoaded:1 Bounds:IsValid=true, Min=(X=4466.000 Y=2220.000 Z=0.000), Max=(X=4710.000 Y=2300.000 Z=198.450) RuntimeGrid:None EditorOnly:0 RuntimeOnly:0 HLODRelevant:0
 |   |   |- [+] [ 36]
 |   |   |   |- Guid:7A6A71C94DC4EB8D1E3C6683C951D3F1 BaseClass:/Game/Main/Blueprints/characters/enemies/HumanEnemyBP.HumanEnemyBP_C NativeClass:/Script/Engine.Character Name:HumanEnemyBP_C_UAID_50EBF6944DD05BC801_1805175388 Label:HumanEnemyBP17 SpatiallyLoaded:1 Bounds:IsValid=true, Min=(X=4186.000 Y=2200.000 Z=0.000), Max=(X=4430.000 Y=2280.000 Z=198.450) RuntimeGrid:None EditorOnly:0 RuntimeOnly:0 HLODRelevant:0
 |   |   |- [+] [ 37]
 |   |   |   |- Guid:3D455E414F1B40E5121A62BAF0B2B300 BaseClass:/Game/Main/Blueprints/characters/enemies/HumanEnemyBP.HumanEnemyBP_C NativeClass:/Script/Engine.Character Name:HumanEnemyBP_C_UAID_50EBF6944DD05BC801_1809115389 Label:HumanEnemyBP18 SpatiallyLoaded:1 Bounds:IsValid=true, Min=(X=4486.000 Y=2410.000 Z=0.000), Max=(X=4730.000 Y=2490.000 Z=198.450) RuntimeGrid:None EditorOnly:0 RuntimeOnly:0 HLODRelevant:0
 |   |   |- [+] [ 38]
 |   |   |   |- Guid:633B92B24527D42B5498738B9C41737E BaseClass:/Game/Main/Blueprints/characters/enemies/HumanEnemyBP.HumanEnemyBP_C NativeClass:/Script/Engine.Character Name:HumanEnemyBP_C_UAID_50EBF6944DD05BC801_1809123390 Label:HumanEnemyBP19 SpatiallyLoaded:1 Bounds:IsValid=true, Min=(X=4406.000 Y=2560.000 Z=0.000), Max=(X=4650.000 Y=2640.000 Z=198.450) RuntimeGrid:None EditorOnly:0 RuntimeOnly:0 HLODRelevant:0
 |   |   |- [+] [ 39]
 |   |   |   |- Guid:0B05679C49084E0F7E3850899185DD3E BaseClass:/Game/Main/Blueprints/characters/enemies/HumanEnemyBP.HumanEnemyBP_C NativeClass:/Script/Engine.Character Name:HumanEnemyBP_C_UAID_50EBF6944DD05BC801_1809131391 Label:HumanEnemyBP20 SpatiallyLoaded:1 Bounds:IsValid=true, Min=(X=4466.000 Y=2810.000 Z=0.000), Max=(X=4710.000 Y=2890.000 Z=198.450) RuntimeGrid:None EditorOnly:0 RuntimeOnly:0 HLODRelevant:0
 |   |   |- [+] [ 40]
 |   |   |   |- Guid:BD6FB2EE4A7B4C8A722D70BE668AF10E BaseClass:/Game/Main/Blueprints/characters/enemies/HumanEnemyBP.HumanEnemyBP_C NativeClass:/Script/Engine.Character Name:HumanEnemyBP_C_UAID_50EBF6944DD05BC801_1809139392 Label:HumanEnemyBP21 SpatiallyLoaded:1 Bounds:IsValid=true, Min=(X=4186.000 Y=2790.000 Z=0.000), Max=(X=4430.000 Y=2870.000 Z=198.450) RuntimeGrid:None EditorOnly:0 RuntimeOnly:0 HLODRelevant:0
 |- ContainerInstances:
 |- [+] MainContainer:
 |   |-        ID: 0x0000000000000000
 |   |-    Bounds: IsValid=false, Min=(X=0.000 Y=0.000 Z=0.000), Max=(X=0.000 Y=0.000 Z=0.000)
 |   |- Transform: 0.000000,0.000000,0.000000|0.000000,0.000000,-0.000000|1.000000,1.000000,1.000000
 |   |- Container: /Game/Main/Maps/TopDownMap
----------------------------------------------------------------------------------------------------------------
TopDownMap - Persistent Level
----------------------------------------------------------------------------------------------------------------
Always loaded Actor Count: 51 

----------------------------------------------------------------------------------------------------------------
TopDownMap - Runtime Spatial Hash - Streaming Grid - MainGrid
----------------------------------------------------------------------------------------------------------------
            Origin: X=0.000 Y=0.000 Z=0.000
         Cell Size: 12800
      World Bounds: IsValid=false, Min=(X=0.000 Y=0.000 Z=0.000), Max=(X=0.000 Y=0.000 Z=0.000)
     Loading Range: 25600.00
Block Slow Loading: No
 ClientOnlyVisible: No

[+] Grid Levels: 1
 |- Level  0: Cell Count    0 | Cell Size   12800 | Actor Count    0 (0.0%)

[+] Content of Grid Level 0

