[+] Containers:
 |- [+] Container: /Game/Main/Maps/TopDownMap
 |   |- [+] ActorDescs:
 |   |   |- Guid:092A34004CC5C81B9CF0BDB7D47BABA4 BaseClass: NativeClass:/Script/Engine.StaticMeshActor Name:StaticMeshActor_UAID_08BFB81711F5DFC301_1273428329 Label:SM_Cube5 SpatiallyLoaded:1 Bounds:IsValid=true, Min=(X=0.000 Y=2110.000 Z=0.000), Max=(X=900.000 Y=2160.000 Z=400.000) RuntimeGrid:None EditorOnly:0 RuntimeOnly:0 HLODRelevant:1 FolderPath:Playground FolderGuid:9FE5E8B349AF71F05F2688921F3F2AC5
 |   |   |- Guid:125C761E4DB733ACA792AC91462FB31A BaseClass:/Engine/EngineSky/BP_Sky_Sphere.BP_Sky_Sphere_C NativeClass:/Script/Engine.Actor Name:BP_Sky_Sphere_C_UAID_08BFB81711F5DFC301_1424714330 Label:BP_Sky_Sphere SpatiallyLoaded:0 Bounds:IsValid=true, Min=(X=-1637250.000 Y=-1636370.000 Z=-1637540.000), Max=(X=1639550.000 Y=1640430.000 Z=1639260.000) RuntimeGrid:None EditorOnly:0 RuntimeOnly:0 HLODRelevant:0
 |   |   |- Guid:147C8D134B12D635012D5F8C57D2C96F BaseClass: NativeClass:/Script/Engine.PostProcessVolume Name:PostProcessVolume_1 Label:PostProcessVolume SpatiallyLoaded:0 Bounds:IsValid=true, Min=(X=0.000 Y=0.000 Z=400.000), Max=(X=200.000 Y=200.000 Z=600.000) RuntimeGrid:None EditorOnly:0 RuntimeOnly:0 HLODRelevant:0 FolderPath:Lighting FolderGuid:4C9334684BA61B42C769F799D2576455
 |   |   |- Guid:2169CB5C470E0E674279BA96829753DD BaseClass: NativeClass:/Script/Engine.StaticMeshActor Name:StaticMeshActor_17 Label:SM_Cube SpatiallyLoaded:1 Bounds:IsValid=true, Min=(X=3000.000 Y=0.000 Z=-50.000), Max=(X=6000.000 Y=3500.000 Z=0.000) RuntimeGrid:None EditorOnly:0 RuntimeOnly:0 HLODRelevant:1 FolderPath:Playground FolderGuid:9FE5E8B349AF71F05F2688921F3F2AC5
 |   |   |- Guid:275753CA444BEB291277C19CA6B5A17D BaseClass:/Game/Main/Blueprints/characters/HumanEnemyBP.HumanEnemyBP_C NativeClass:/Script/Engine.Character Name:HumanEnemyBP_C_UAID_50EBF6944DD0A1BD01_1753086082 Label:HumanEnemyBP5 SpatiallyLoaded:1 Bounds:IsValid=true, Min=(X=686.000 Y=1066.000 Z=-0.075), Max=(X=797.679 Y=1137.416 Z=176.000) RuntimeGrid:None EditorOnly:0 RuntimeOnly:0 HLODRelevant:0
 |   |   |- Guid:2DF0D95440BE0EDA81652F860DC7268E BaseClass: NativeClass:/Script/Engine.WorldDataLayers Name:WorldDataLayers Label:WorldDataLayers SpatiallyLoaded:0 Bounds:IsValid=true, Min=(X=0.000 Y=0.000 Z=0.000), Max=(X=0.000 Y=0.000 Z=0.000) RuntimeGrid:None EditorOnly:0 RuntimeOnly:0 HLODRelevant:0
 |   |   |- Guid:4B00896F48612807A30BE7AA13120505 BaseClass:/Game/Main/Blueprints/inventory/items/bp_item4.bp_item4_C NativeClass:/Script/Engine.Actor Name:bp_item4_C_UAID_50EBF6944DD09AC101_1864658076 Label:bp_item4 SpatiallyLoaded:1 Bounds:IsValid=true, Min=(X=1325.000 Y=1885.000 Z=-15.000), Max=(X=1355.000 Y=1915.000 Z=15.000) RuntimeGrid:None EditorOnly:0 RuntimeOnly:0 HLODRelevant:0
 |   |   |- Guid:516D224B459ADA699E9A659AA37B4BAF BaseClass: NativeClass:/Script/Engine.StaticMeshActor Name:StaticMeshActor_UAID_50EBF6944DD096C101_1753822368 Label:SM_Cube6 SpatiallyLoaded:1 Bounds:IsValid=true, Min=(X=3000.000 Y=-3490.000 Z=-50.000), Max=(X=6000.000 Y=10.000 Z=0.000) RuntimeGrid:None EditorOnly:0 RuntimeOnly:0 HLODRelevant:1 FolderPath:Playground FolderGuid:9FE5E8B349AF71F05F2688921F3F2AC5
 |   |   |- Guid:552434EF47CD60D74DA32E980DFFF7A9 BaseClass: NativeClass:/Script/Engine.StaticMeshActor Name:StaticMeshActor_UAID_50EBF6944DD096C101_1788038370 Label:SM_Cube8 SpatiallyLoaded:1 Bounds:IsValid=true, Min=(X=0.000 Y=3490.000 Z=-50.000), Max=(X=3000.000 Y=6990.000 Z=0.000) RuntimeGrid:None EditorOnly:0 RuntimeOnly:0 HLODRelevant:1 FolderPath:Playground FolderGuid:9FE5E8B349AF71F05F2688921F3F2AC5
 |   |   |- Guid:698C35074DF37F67AE639F8B09CD6892 BaseClass:/Game/Main/Blueprints/inventory/items/rifleAmmunition.rifleAmmunition_C NativeClass:/Script/Engine.Actor Name:bp_item3_C_UAID_08BFB81711F57BBF01_1278502504 Label:bp_item3 SpatiallyLoaded:1 Bounds:IsValid=true, Min=(X=295.000 Y=2195.000 Z=-15.000), Max=(X=325.000 Y=2225.000 Z=15.000) RuntimeGrid:None EditorOnly:0 RuntimeOnly:0 HLODRelevant:0
 |   |   |- Guid:74B075B448EC896A1412AC82FF286CE6 BaseClass: NativeClass:/Script/Engine.StaticMeshActor Name:StaticMeshActor_UAID_50EBF6944DD0B4C701_1698899984 Label:SM_Cube10 SpatiallyLoaded:1 Bounds:IsValid=true, Min=(X=1930.000 Y=1400.000 Z=0.000), Max=(X=1980.000 Y=2300.000 Z=400.000) RuntimeGrid:None EditorOnly:0 RuntimeOnly:0 HLODRelevant:1 FolderPath:Playground FolderGuid:9FE5E8B349AF71F05F2688921F3F2AC5
 |   |   |- Guid:84FD511F4F36229415E01DA495F85D79 BaseClass:/Game/Main/Blueprints/characters/HumanEnemyBP.HumanEnemyBP_C NativeClass:/Script/Engine.Character Name:HumanEnemyBP_C_UAID_50EBF6944DD0A1BD01_1748934080 Label:HumanEnemyBP3 SpatiallyLoaded:1 Bounds:IsValid=true, Min=(X=966.000 Y=1086.000 Z=-0.075), Max=(X=1077.679 Y=1157.416 Z=176.000) RuntimeGrid:None EditorOnly:0 RuntimeOnly:0 HLODRelevant:0
 |   |   |- Guid:85F81E2942F4CEB99371F5B0ED2289FF BaseClass:/Game/Main/Blueprints/characters/Turret.Turret_C NativeClass:/Script/Engine.Character Name:Turret_C_UAID_08BFB81711F5ADC101_1212236418 Label:Turret SpatiallyLoaded:1 Bounds:IsValid=true, Min=(X=246.687 Y=2477.774 Z=-30.426), Max=(X=750.000 Y=2682.045 Z=231.789) RuntimeGrid:None EditorOnly:0 RuntimeOnly:0 HLODRelevant:0
 |   |   |- Guid:8DBE6D7542ABF02D52B86BAF8B092853 BaseClass:/Game/Main/Blueprints/inventory/items/autoRifle.autoRifle_C NativeClass:/Script/Engine.Actor Name:bp_item1_C_UAID_08BFB81711F57BBF01_1282370506 Label:bp_item1 SpatiallyLoaded:1 Bounds:IsValid=true, Min=(X=1325.000 Y=3015.000 Z=-15.000), Max=(X=1355.000 Y=3045.000 Z=15.000) RuntimeGrid:None EditorOnly:0 RuntimeOnly:0 HLODRelevant:0
 |   |   |- Guid:93CD3435423EF26896D9FF99D9EF4847 BaseClass: NativeClass:/Script/Engine.PlayerStart Name:PlayerStart_UAID_50EBF6944DD08EC201_1263449015 Label:PlayerStart SpatiallyLoaded:0 Bounds:IsValid=true, Min=(X=530.000 Y=1650.000 Z=0.000), Max=(X=610.000 Y=1730.000 Z=184.000) RuntimeGrid:None EditorOnly:0 RuntimeOnly:0 HLODRelevant:0
 |   |   |- Guid:9712C2A448335C5454CBCEAB4801C7B7 BaseClass: NativeClass:/Script/Engine.StaticMeshActor Name:StaticMeshActor_UAID_50EBF6944DD096C101_1693550367 Label:SM_Cube4 SpatiallyLoaded:1 Bounds:IsValid=true, Min=(X=0.000 Y=0.000 Z=-50.000), Max=(X=3000.000 Y=3500.000 Z=0.000) RuntimeGrid:None EditorOnly:0 RuntimeOnly:0 HLODRelevant:1 FolderPath:Playground FolderGuid:9FE5E8B349AF71F05F2688921F3F2AC5
 |   |   |- Guid:97345EF247FD2700EEC1AEB08F85A466 BaseClass:/Game/Main/Blueprints/characters/HumanEnemyBP.HumanEnemyBP_C NativeClass:/Script/Engine.Character Name:HumanEnemyBP_C_UAID_50EBF6944DD0A1BD01_1747096079 Label:HumanEnemyBP2 SpatiallyLoaded:1 Bounds:IsValid=true, Min=(X=986.000 Y=686.000 Z=-0.075), Max=(X=1097.679 Y=757.416 Z=176.000) RuntimeGrid:None EditorOnly:0 RuntimeOnly:0 HLODRelevant:0
 |   |   |- Guid:9DA4E0234A4D34B40FF0B99B057A73AE BaseClass: NativeClass:/Script/Engine.StaticMeshActor Name:StaticMeshActor_UAID_08BFB81711F5A0C101_1117377129 Label:SM_Cube3 SpatiallyLoaded:1 Bounds:IsValid=true, Min=(X=0.000 Y=1400.000 Z=0.000), Max=(X=900.000 Y=1450.000 Z=400.000) RuntimeGrid:None EditorOnly:0 RuntimeOnly:0 HLODRelevant:1 FolderPath:Playground FolderGuid:9FE5E8B349AF71F05F2688921F3F2AC5
 |   |   |- Guid:ACE6B3DF498C8CCF44A46393040652A5 BaseClass:/Game/Main/Blueprints/characters/HumanEnemyBP.HumanEnemyBP_C NativeClass:/Script/Engine.Character Name:HumanEnemyBP_C_UAID_50EBF6944DD0A1BD01_1751293081 Label:HumanEnemyBP4 SpatiallyLoaded:1 Bounds:IsValid=true, Min=(X=906.000 Y=836.000 Z=-0.075), Max=(X=1017.679 Y=907.416 Z=176.000) RuntimeGrid:None EditorOnly:0 RuntimeOnly:0 HLODRelevant:0
 |   |   |- Guid:B798A6104A094A5324BB14A01B2700CD BaseClass: NativeClass:/Script/Engine.StaticMeshActor Name:StaticMeshActor_UAID_50EBF6944DD096C101_1808296371 Label:SM_Cube9 SpatiallyLoaded:1 Bounds:IsValid=true, Min=(X=10.000 Y=-3490.000 Z=-50.000), Max=(X=3010.000 Y=10.000 Z=0.000) RuntimeGrid:None EditorOnly:0 RuntimeOnly:0 HLODRelevant:1 FolderPath:Playground FolderGuid:9FE5E8B349AF71F05F2688921F3F2AC5
 |   |   |- Guid:BAF5F3CB4795A5D06BA9629597DEFB20 BaseClass:/Game/Main/Blueprints/inventory/items/bp_item2.bp_item2_C NativeClass:/Script/Engine.Actor Name:bp_item2_C_UAID_08BFB81711F57BBF01_1280415505 Label:bp_item2 SpatiallyLoaded:1 Bounds:IsValid=true, Min=(X=895.000 Y=2485.000 Z=-15.000), Max=(X=925.000 Y=2515.000 Z=15.000) RuntimeGrid:None EditorOnly:0 RuntimeOnly:0 HLODRelevant:0
 |   |   |- Guid:CB91885A4DE74D707F45748EF318B971 BaseClass:/Game/Main/Blueprints/lighting/roomLight.roomLight_C NativeClass:/Script/Engine.Actor Name:roomLight_C_UAID_08BFB81711F5E1C301_1697468686 Label:roomLight SpatiallyLoaded:1 Bounds:IsValid=true, Min=(X=180.000 Y=324.000 Z=-136.000), Max=(X=1260.000 Y=1296.000 Z=296.000) RuntimeGrid:None EditorOnly:0 RuntimeOnly:0 HLODRelevant:0
 |   |   |- Guid:CCDD89584E0A9025F52AEDA51D60CA54 BaseClass: NativeClass:/Script/NavigationSystem.NavMeshBoundsVolume Name:NavMeshBoundsVolume_1 Label:NavMeshBoundsVolume SpatiallyLoaded:0 Bounds:IsValid=true, Min=(X=-430.000 Y=-3800.000 Z=-110.000), Max=(X=5970.000 Y=7300.000 Z=390.000) RuntimeGrid:None EditorOnly:0 RuntimeOnly:0 HLODRelevant:0 FolderPath:Navigation FolderGuid:AE45D61F453CC144CF8289862C276E89
 |   |   |- Guid:CEFBB275440A2389A1F89AA9EC6F2AAE BaseClass: NativeClass:/Script/Engine.StaticMeshActor Name:StaticMeshActor_UAID_50EBF6944DD096C101_1778251369 Label:SM_Cube7 SpatiallyLoaded:1 Bounds:IsValid=true, Min=(X=3000.000 Y=3490.000 Z=-50.000), Max=(X=6000.000 Y=6990.000 Z=0.000) RuntimeGrid:None EditorOnly:0 RuntimeOnly:0 HLODRelevant:1 FolderPath:Playground FolderGuid:9FE5E8B349AF71F05F2688921F3F2AC5
 |   |   |- Guid:DC5F2FDF4852EA0DB67B86B580F1E78B BaseClass: NativeClass:/Script/Engine.SkyLight Name:SkyLight_UAID_50EBF6944DD0BBC701_1915507217 Label:SkyLight SpatiallyLoaded:0 Bounds:IsValid=true, Min=(X=-930.000 Y=2780.000 Z=930.000), Max=(X=-930.000 Y=2780.000 Z=930.000) RuntimeGrid:None EditorOnly:0 RuntimeOnly:0 HLODRelevant:0
 |   |- [+] Clusters:
 |   |   |- [+] [  0]
 |   |   |   |- Guid:516D224B459ADA699E9A659AA37B4BAF BaseClass: NativeClass:/Script/Engine.StaticMeshActor Name:StaticMeshActor_UAID_50EBF6944DD096C101_1753822368 Label:SM_Cube6 SpatiallyLoaded:1 Bounds:IsValid=true, Min=(X=3000.000 Y=-3490.000 Z=-50.000), Max=(X=6000.000 Y=10.000 Z=0.000) RuntimeGrid:None EditorOnly:0 RuntimeOnly:0 HLODRelevant:1 FolderPath:Playground FolderGuid:9FE5E8B349AF71F05F2688921F3F2AC5
 |   |   |- [+] [  1]
 |   |   |   |- Guid:97345EF247FD2700EEC1AEB08F85A466 BaseClass:/Game/Main/Blueprints/characters/HumanEnemyBP.HumanEnemyBP_C NativeClass:/Script/Engine.Character Name:HumanEnemyBP_C_UAID_50EBF6944DD0A1BD01_1747096079 Label:HumanEnemyBP2 SpatiallyLoaded:1 Bounds:IsValid=true, Min=(X=986.000 Y=686.000 Z=-0.075), Max=(X=1097.679 Y=757.416 Z=176.000) RuntimeGrid:None EditorOnly:0 RuntimeOnly:0 HLODRelevant:0
 |   |   |- [+] [  2]
 |   |   |   |- Guid:74B075B448EC896A1412AC82FF286CE6 BaseClass: NativeClass:/Script/Engine.StaticMeshActor Name:StaticMeshActor_UAID_50EBF6944DD0B4C701_1698899984 Label:SM_Cube10 SpatiallyLoaded:1 Bounds:IsValid=true, Min=(X=1930.000 Y=1400.000 Z=0.000), Max=(X=1980.000 Y=2300.000 Z=400.000) RuntimeGrid:None EditorOnly:0 RuntimeOnly:0 HLODRelevant:1 FolderPath:Playground FolderGuid:9FE5E8B349AF71F05F2688921F3F2AC5
 |   |   |- [+] [  3]
 |   |   |   |- Guid:DC5F2FDF4852EA0DB67B86B580F1E78B BaseClass: NativeClass:/Script/Engine.SkyLight Name:SkyLight_UAID_50EBF6944DD0BBC701_1915507217 Label:SkyLight SpatiallyLoaded:0 Bounds:IsValid=true, Min=(X=-930.000 Y=2780.000 Z=930.000), Max=(X=-930.000 Y=2780.000 Z=930.000) RuntimeGrid:None EditorOnly:0 RuntimeOnly:0 HLODRelevant:0
 |   |   |- [+] [  4]
 |   |   |   |- Guid:ACE6B3DF498C8CCF44A46393040652A5 BaseClass:/Game/Main/Blueprints/characters/HumanEnemyBP.HumanEnemyBP_C NativeClass:/Script/Engine.Character Name:HumanEnemyBP_C_UAID_50EBF6944DD0A1BD01_1751293081 Label:HumanEnemyBP4 SpatiallyLoaded:1 Bounds:IsValid=true, Min=(X=906.000 Y=836.000 Z=-0.075), Max=(X=1017.679 Y=907.416 Z=176.000) RuntimeGrid:None EditorOnly:0 RuntimeOnly:0 HLODRelevant:0
 |   |   |- [+] [  5]
 |   |   |   |- Guid:552434EF47CD60D74DA32E980DFFF7A9 BaseClass: NativeClass:/Script/Engine.StaticMeshActor Name:StaticMeshActor_UAID_50EBF6944DD096C101_1788038370 Label:SM_Cube8 SpatiallyLoaded:1 Bounds:IsValid=true, Min=(X=0.000 Y=3490.000 Z=-50.000), Max=(X=3000.000 Y=6990.000 Z=0.000) RuntimeGrid:None EditorOnly:0 RuntimeOnly:0 HLODRelevant:1 FolderPath:Playground FolderGuid:9FE5E8B349AF71F05F2688921F3F2AC5
 |   |   |- [+] [  6]
 |   |   |   |- Guid:84FD511F4F36229415E01DA495F85D79 BaseClass:/Game/Main/Blueprints/characters/HumanEnemyBP.HumanEnemyBP_C NativeClass:/Script/Engine.Character Name:HumanEnemyBP_C_UAID_50EBF6944DD0A1BD01_1748934080 Label:HumanEnemyBP3 SpatiallyLoaded:1 Bounds:IsValid=true, Min=(X=966.000 Y=1086.000 Z=-0.075), Max=(X=1077.679 Y=1157.416 Z=176.000) RuntimeGrid:None EditorOnly:0 RuntimeOnly:0 HLODRelevant:0
 |   |   |- [+] [  7]
 |   |   |   |- Guid:698C35074DF37F67AE639F8B09CD6892 BaseClass:/Game/Main/Blueprints/inventory/items/rifleAmmunition.rifleAmmunition_C NativeClass:/Script/Engine.Actor Name:bp_item3_C_UAID_08BFB81711F57BBF01_1278502504 Label:bp_item3 SpatiallyLoaded:1 Bounds:IsValid=true, Min=(X=295.000 Y=2195.000 Z=-15.000), Max=(X=325.000 Y=2225.000 Z=15.000) RuntimeGrid:None EditorOnly:0 RuntimeOnly:0 HLODRelevant:0
 |   |   |- [+] [  8]
 |   |   |   |- Guid:85F81E2942F4CEB99371F5B0ED2289FF BaseClass:/Game/Main/Blueprints/characters/Turret.Turret_C NativeClass:/Script/Engine.Character Name:Turret_C_UAID_08BFB81711F5ADC101_1212236418 Label:Turret SpatiallyLoaded:1 Bounds:IsValid=true, Min=(X=246.687 Y=2477.774 Z=-30.426), Max=(X=750.000 Y=2682.045 Z=231.789) RuntimeGrid:None EditorOnly:0 RuntimeOnly:0 HLODRelevant:0
 |   |   |- [+] [  9]
 |   |   |   |- Guid:BAF5F3CB4795A5D06BA9629597DEFB20 BaseClass:/Game/Main/Blueprints/inventory/items/bp_item2.bp_item2_C NativeClass:/Script/Engine.Actor Name:bp_item2_C_UAID_08BFB81711F57BBF01_1280415505 Label:bp_item2 SpatiallyLoaded:1 Bounds:IsValid=true, Min=(X=895.000 Y=2485.000 Z=-15.000), Max=(X=925.000 Y=2515.000 Z=15.000) RuntimeGrid:None EditorOnly:0 RuntimeOnly:0 HLODRelevant:0
 |   |   |- [+] [ 10]
 |   |   |   |- Guid:2169CB5C470E0E674279BA96829753DD BaseClass: NativeClass:/Script/Engine.StaticMeshActor Name:StaticMeshActor_17 Label:SM_Cube SpatiallyLoaded:1 Bounds:IsValid=true, Min=(X=3000.000 Y=0.000 Z=-50.000), Max=(X=6000.000 Y=3500.000 Z=0.000) RuntimeGrid:None EditorOnly:0 RuntimeOnly:0 HLODRelevant:1 FolderPath:Playground FolderGuid:9FE5E8B349AF71F05F2688921F3F2AC5
 |   |   |- [+] [ 11]
 |   |   |   |- Guid:092A34004CC5C81B9CF0BDB7D47BABA4 BaseClass: NativeClass:/Script/Engine.StaticMeshActor Name:StaticMeshActor_UAID_08BFB81711F5DFC301_1273428329 Label:SM_Cube5 SpatiallyLoaded:1 Bounds:IsValid=true, Min=(X=0.000 Y=2110.000 Z=0.000), Max=(X=900.000 Y=2160.000 Z=400.000) RuntimeGrid:None EditorOnly:0 RuntimeOnly:0 HLODRelevant:1 FolderPath:Playground FolderGuid:9FE5E8B349AF71F05F2688921F3F2AC5
 |   |   |- [+] [ 12]
 |   |   |   |- Guid:125C761E4DB733ACA792AC91462FB31A BaseClass:/Engine/EngineSky/BP_Sky_Sphere.BP_Sky_Sphere_C NativeClass:/Script/Engine.Actor Name:BP_Sky_Sphere_C_UAID_08BFB81711F5DFC301_1424714330 Label:BP_Sky_Sphere SpatiallyLoaded:0 Bounds:IsValid=true, Min=(X=-1637250.000 Y=-1636370.000 Z=-1637540.000), Max=(X=1639550.000 Y=1640430.000 Z=1639260.000) RuntimeGrid:None EditorOnly:0 RuntimeOnly:0 HLODRelevant:0
 |   |   |- [+] [ 13]
 |   |   |   |- Guid:CCDD89584E0A9025F52AEDA51D60CA54 BaseClass: NativeClass:/Script/NavigationSystem.NavMeshBoundsVolume Name:NavMeshBoundsVolume_1 Label:NavMeshBoundsVolume SpatiallyLoaded:0 Bounds:IsValid=true, Min=(X=-430.000 Y=-3800.000 Z=-110.000), Max=(X=5970.000 Y=7300.000 Z=390.000) RuntimeGrid:None EditorOnly:0 RuntimeOnly:0 HLODRelevant:0 FolderPath:Navigation FolderGuid:AE45D61F453CC144CF8289862C276E89
 |   |   |- [+] [ 14]
 |   |   |   |- Guid:CB91885A4DE74D707F45748EF318B971 BaseClass:/Game/Main/Blueprints/lighting/roomLight.roomLight_C NativeClass:/Script/Engine.Actor Name:roomLight_C_UAID_08BFB81711F5E1C301_1697468686 Label:roomLight SpatiallyLoaded:1 Bounds:IsValid=true, Min=(X=180.000 Y=324.000 Z=-136.000), Max=(X=1260.000 Y=1296.000 Z=296.000) RuntimeGrid:None EditorOnly:0 RuntimeOnly:0 HLODRelevant:0
 |   |   |- [+] [ 15]
 |   |   |   |- Guid:B798A6104A094A5324BB14A01B2700CD BaseClass: NativeClass:/Script/Engine.StaticMeshActor Name:StaticMeshActor_UAID_50EBF6944DD096C101_1808296371 Label:SM_Cube9 SpatiallyLoaded:1 Bounds:IsValid=true, Min=(X=10.000 Y=-3490.000 Z=-50.000), Max=(X=3010.000 Y=10.000 Z=0.000) RuntimeGrid:None EditorOnly:0 RuntimeOnly:0 HLODRelevant:1 FolderPath:Playground FolderGuid:9FE5E8B349AF71F05F2688921F3F2AC5
 |   |   |- [+] [ 16]
 |   |   |   |- Guid:4B00896F48612807A30BE7AA13120505 BaseClass:/Game/Main/Blueprints/inventory/items/bp_item4.bp_item4_C NativeClass:/Script/Engine.Actor Name:bp_item4_C_UAID_50EBF6944DD09AC101_1864658076 Label:bp_item4 SpatiallyLoaded:1 Bounds:IsValid=true, Min=(X=1325.000 Y=1885.000 Z=-15.000), Max=(X=1355.000 Y=1915.000 Z=15.000) RuntimeGrid:None EditorOnly:0 RuntimeOnly:0 HLODRelevant:0
 |   |   |- [+] [ 17]
 |   |   |   |- Guid:147C8D134B12D635012D5F8C57D2C96F BaseClass: NativeClass:/Script/Engine.PostProcessVolume Name:PostProcessVolume_1 Label:PostProcessVolume SpatiallyLoaded:0 Bounds:IsValid=true, Min=(X=0.000 Y=0.000 Z=400.000), Max=(X=200.000 Y=200.000 Z=600.000) RuntimeGrid:None EditorOnly:0 RuntimeOnly:0 HLODRelevant:0 FolderPath:Lighting FolderGuid:4C9334684BA61B42C769F799D2576455
 |   |   |- [+] [ 18]
 |   |   |   |- Guid:2DF0D95440BE0EDA81652F860DC7268E BaseClass: NativeClass:/Script/Engine.WorldDataLayers Name:WorldDataLayers Label:WorldDataLayers SpatiallyLoaded:0 Bounds:IsValid=true, Min=(X=0.000 Y=0.000 Z=0.000), Max=(X=0.000 Y=0.000 Z=0.000) RuntimeGrid:None EditorOnly:0 RuntimeOnly:0 HLODRelevant:0
 |   |   |- [+] [ 19]
 |   |   |   |- Guid:8DBE6D7542ABF02D52B86BAF8B092853 BaseClass:/Game/Main/Blueprints/inventory/items/autoRifle.autoRifle_C NativeClass:/Script/Engine.Actor Name:bp_item1_C_UAID_08BFB81711F57BBF01_1282370506 Label:bp_item1 SpatiallyLoaded:1 Bounds:IsValid=true, Min=(X=1325.000 Y=3015.000 Z=-15.000), Max=(X=1355.000 Y=3045.000 Z=15.000) RuntimeGrid:None EditorOnly:0 RuntimeOnly:0 HLODRelevant:0
 |   |   |- [+] [ 20]
 |   |   |   |- Guid:9712C2A448335C5454CBCEAB4801C7B7 BaseClass: NativeClass:/Script/Engine.StaticMeshActor Name:StaticMeshActor_UAID_50EBF6944DD096C101_1693550367 Label:SM_Cube4 SpatiallyLoaded:1 Bounds:IsValid=true, Min=(X=0.000 Y=0.000 Z=-50.000), Max=(X=3000.000 Y=3500.000 Z=0.000) RuntimeGrid:None EditorOnly:0 RuntimeOnly:0 HLODRelevant:1 FolderPath:Playground FolderGuid:9FE5E8B349AF71F05F2688921F3F2AC5
 |   |   |- [+] [ 21]
 |   |   |   |- Guid:CEFBB275440A2389A1F89AA9EC6F2AAE BaseClass: NativeClass:/Script/Engine.StaticMeshActor Name:StaticMeshActor_UAID_50EBF6944DD096C101_1778251369 Label:SM_Cube7 SpatiallyLoaded:1 Bounds:IsValid=true, Min=(X=3000.000 Y=3490.000 Z=-50.000), Max=(X=6000.000 Y=6990.000 Z=0.000) RuntimeGrid:None EditorOnly:0 RuntimeOnly:0 HLODRelevant:1 FolderPath:Playground FolderGuid:9FE5E8B349AF71F05F2688921F3F2AC5
 |   |   |- [+] [ 22]
 |   |   |   |- Guid:9DA4E0234A4D34B40FF0B99B057A73AE BaseClass: NativeClass:/Script/Engine.StaticMeshActor Name:StaticMeshActor_UAID_08BFB81711F5A0C101_1117377129 Label:SM_Cube3 SpatiallyLoaded:1 Bounds:IsValid=true, Min=(X=0.000 Y=1400.000 Z=0.000), Max=(X=900.000 Y=1450.000 Z=400.000) RuntimeGrid:None EditorOnly:0 RuntimeOnly:0 HLODRelevant:1 FolderPath:Playground FolderGuid:9FE5E8B349AF71F05F2688921F3F2AC5
 |   |   |- [+] [ 23]
 |   |   |   |- Guid:93CD3435423EF26896D9FF99D9EF4847 BaseClass: NativeClass:/Script/Engine.PlayerStart Name:PlayerStart_UAID_50EBF6944DD08EC201_1263449015 Label:PlayerStart SpatiallyLoaded:0 Bounds:IsValid=true, Min=(X=530.000 Y=1650.000 Z=0.000), Max=(X=610.000 Y=1730.000 Z=184.000) RuntimeGrid:None EditorOnly:0 RuntimeOnly:0 HLODRelevant:0
 |   |   |- [+] [ 24]
 |   |   |   |- Guid:275753CA444BEB291277C19CA6B5A17D BaseClass:/Game/Main/Blueprints/characters/HumanEnemyBP.HumanEnemyBP_C NativeClass:/Script/Engine.Character Name:HumanEnemyBP_C_UAID_50EBF6944DD0A1BD01_1753086082 Label:HumanEnemyBP5 SpatiallyLoaded:1 Bounds:IsValid=true, Min=(X=686.000 Y=1066.000 Z=-0.075), Max=(X=797.679 Y=1137.416 Z=176.000) RuntimeGrid:None EditorOnly:0 RuntimeOnly:0 HLODRelevant:0
 |- ContainerInstances:
 |- [+] MainContainer:
 |   |-        ID: 0x0000000000000000
 |   |-    Bounds: IsValid=false, Min=(X=0.000 Y=0.000 Z=0.000), Max=(X=0.000 Y=0.000 Z=0.000)
 |   |- Transform: 0.000000,0.000000,0.000000|0.000000,0.000000,-0.000000|1.000000,1.000000,1.000000
 |   |- Container: /Game/Main/Maps/TopDownMap
----------------------------------------------------------------------------------------------------------------
TopDownMap - Persistent Level
----------------------------------------------------------------------------------------------------------------
Always loaded Actor Count: 35 

----------------------------------------------------------------------------------------------------------------
TopDownMap - Runtime Spatial Hash - Streaming Grid - MainGrid
----------------------------------------------------------------------------------------------------------------
            Origin: X=0.000 Y=0.000 Z=0.000
         Cell Size: 12800
      World Bounds: IsValid=false, Min=(X=0.000 Y=0.000 Z=0.000), Max=(X=0.000 Y=0.000 Z=0.000)
     Loading Range: 25600.00
Block Slow Loading: No
 ClientOnlyVisible: No

[+] Grid Levels: 1
 |- Level  0: Cell Count    0 | Cell Size   12800 | Actor Count    0 (0.0%)

[+] Content of Grid Level 0

