[+] Containers:
 |- [+] Container: /Game/Main/Maps/TopDownMap
 |   |- [+] ActorDescs:
 |   |   |- Guid:147C8D134B12D635012D5F8C57D2C96F BaseClass: NativeClass:/Script/Engine.PostProcessVolume Name:PostProcessVolume_1 Label:PostProcessVolume SpatiallyLoaded:0 Bounds:IsValid=true, Min=(X=0.000 Y=0.000 Z=400.000), Max=(X=200.000 Y=200.000 Z=600.000) RuntimeGrid:None EditorOnly:0 RuntimeOnly:0 HLODRelevant:0 FolderPath:Lighting FolderGuid:4C9334684BA61B42C769F799D2576455
 |   |   |- Guid:2169CB5C470E0E674279BA96829753DD BaseClass: NativeClass:/Script/Engine.StaticMeshActor Name:StaticMeshActor_17 Label:SM_Cube SpatiallyLoaded:1 Bounds:IsValid=true, Min=(X=3000.000 Y=0.000 Z=-50.000), Max=(X=6000.000 Y=3500.000 Z=0.000) RuntimeGrid:None EditorOnly:0 RuntimeOnly:0 HLODRelevant:1 FolderPath:Playground FolderGuid:9FE5E8B349AF71F05F2688921F3F2AC5
 |   |   |- Guid:2DF0D95440BE0EDA81652F860DC7268E BaseClass: NativeClass:/Script/Engine.WorldDataLayers Name:WorldDataLayers Label:WorldDataLayers SpatiallyLoaded:0 Bounds:IsValid=true, Min=(X=0.000 Y=0.000 Z=0.000), Max=(X=0.000 Y=0.000 Z=0.000) RuntimeGrid:None EditorOnly:0 RuntimeOnly:0 HLODRelevant:0
 |   |   |- Guid:46E3F7E74C402AC8644CA297E1D10E0D BaseClass: NativeClass:/Script/Engine.StaticMeshActor Name:StaticMeshActor_UAID_50EBF6944DD002CA01_1484099830 Label:Cube SpatiallyLoaded:1 Bounds:IsValid=true, Min=(X=-50.649 Y=739.163 Z=-14.126), Max=(X=-0.649 Y=1492.288 Z=398.374) RuntimeGrid:None EditorOnly:0 RuntimeOnly:0 HLODRelevant:1
 |   |   |- Guid:4B00896F48612807A30BE7AA13120505 BaseClass:/Game/Main/Blueprints/inventory/items/bp_item4.bp_item4_C NativeClass:/Script/Engine.Actor Name:bp_item4_C_UAID_50EBF6944DD09AC101_1864658076 Label:bp_item4 SpatiallyLoaded:1 Bounds:IsValid=true, Min=(X=1325.000 Y=1885.000 Z=-15.000), Max=(X=1355.000 Y=1915.000 Z=15.000) RuntimeGrid:None EditorOnly:0 RuntimeOnly:0 HLODRelevant:0
 |   |   |- Guid:516D224B459ADA699E9A659AA37B4BAF BaseClass: NativeClass:/Script/Engine.StaticMeshActor Name:StaticMeshActor_UAID_50EBF6944DD096C101_1753822368 Label:SM_Cube6 SpatiallyLoaded:1 Bounds:IsValid=true, Min=(X=3000.000 Y=-3490.000 Z=-50.000), Max=(X=6000.000 Y=10.000 Z=0.000) RuntimeGrid:None EditorOnly:0 RuntimeOnly:0 HLODRelevant:1 FolderPath:Playground FolderGuid:9FE5E8B349AF71F05F2688921F3F2AC5
 |   |   |- Guid:552434EF47CD60D74DA32E980DFFF7A9 BaseClass: NativeClass:/Script/Engine.StaticMeshActor Name:StaticMeshActor_UAID_50EBF6944DD096C101_1788038370 Label:SM_Cube8 SpatiallyLoaded:1 Bounds:IsValid=true, Min=(X=0.000 Y=3490.000 Z=-50.000), Max=(X=3000.000 Y=6990.000 Z=0.000) RuntimeGrid:None EditorOnly:0 RuntimeOnly:0 HLODRelevant:1 FolderPath:Playground FolderGuid:9FE5E8B349AF71F05F2688921F3F2AC5
 |   |   |- Guid:698C35074DF37F67AE639F8B09CD6892 BaseClass:/Game/Main/Blueprints/inventory/items/rifleAmmunition.rifleAmmunition_C NativeClass:/Script/Engine.Actor Name:bp_item3_C_UAID_08BFB81711F57BBF01_1278502504 Label:bp_item3 SpatiallyLoaded:1 Bounds:IsValid=true, Min=(X=295.000 Y=2195.000 Z=-15.000), Max=(X=325.000 Y=2225.000 Z=15.000) RuntimeGrid:None EditorOnly:0 RuntimeOnly:0 HLODRelevant:0
 |   |   |- Guid:7FF20A6A47EFAC2FA79654B0DEC84040 BaseClass: NativeClass:/Script/Engine.StaticMeshActor Name:StaticMeshActor_UAID_50EBF6944DD002CA01_1638291832 Label:Cube3 SpatiallyLoaded:1 Bounds:IsValid=true, Min=(X=-862.494 Y=1503.882 Z=-21.614), Max=(X=-812.494 Y=2016.382 Z=309.636) RuntimeGrid:None EditorOnly:0 RuntimeOnly:0 HLODRelevant:1
 |   |   |- Guid:85F81E2942F4CEB99371F5B0ED2289FF BaseClass:/Game/Main/Blueprints/characters/enemies/Turret.Turret_C NativeClass:/Script/Engine.Character Name:Turret_C_UAID_08BFB81711F5ADC101_1212236418 Label:Turret SpatiallyLoaded:1 Bounds:IsValid=true, Min=(X=246.687 Y=2677.774 Z=-30.426), Max=(X=750.000 Y=2882.045 Z=231.789) RuntimeGrid:None EditorOnly:0 RuntimeOnly:0 HLODRelevant:0
 |   |   |- Guid:8DBE6D7542ABF02D52B86BAF8B092853 BaseClass:/Game/Main/Blueprints/inventory/items/autoRifle.autoRifle_C NativeClass:/Script/Engine.Actor Name:bp_item1_C_UAID_08BFB81711F57BBF01_1282370506 Label:bp_item1 SpatiallyLoaded:1 Bounds:IsValid=true, Min=(X=1325.000 Y=3015.000 Z=-15.000), Max=(X=1355.000 Y=3045.000 Z=15.000) RuntimeGrid:None EditorOnly:0 RuntimeOnly:0 HLODRelevant:0
 |   |   |- Guid:8FB4C5414AD86A90E863FE8714EF5E59 BaseClass: NativeClass:/Script/Engine.StaticMeshActor Name:StaticMeshActor_UAID_50EBF6944DD002CA01_1604623831 Label:Cube2 SpatiallyLoaded:1 Bounds:IsValid=true, Min=(X=-50.649 Y=2070.380 Z=-14.126), Max=(X=-0.649 Y=2823.505 Z=398.374) RuntimeGrid:None EditorOnly:0 RuntimeOnly:0 HLODRelevant:1
 |   |   |- Guid:93CD3435423EF26896D9FF99D9EF4847 BaseClass: NativeClass:/Script/Engine.PlayerStart Name:PlayerStart_UAID_50EBF6944DD08EC201_1263449015 Label:PlayerStart SpatiallyLoaded:0 Bounds:IsValid=true, Min=(X=-606.765 Y=1714.831 Z=25.177), Max=(X=-526.765 Y=1794.831 Z=209.177) RuntimeGrid:None EditorOnly:0 RuntimeOnly:0 HLODRelevant:0
 |   |   |- Guid:9712C2A448335C5454CBCEAB4801C7B7 BaseClass: NativeClass:/Script/Engine.StaticMeshActor Name:StaticMeshActor_UAID_50EBF6944DD096C101_1693550367 Label:SM_Cube4 SpatiallyLoaded:1 Bounds:IsValid=true, Min=(X=-3.154 Y=0.000 Z=-50.000), Max=(X=2996.846 Y=3500.000 Z=-0.000) RuntimeGrid:None EditorOnly:0 RuntimeOnly:0 HLODRelevant:1 FolderPath:Playground FolderGuid:9FE5E8B349AF71F05F2688921F3F2AC5
 |   |   |- Guid:B798A6104A094A5324BB14A01B2700CD BaseClass: NativeClass:/Script/Engine.StaticMeshActor Name:StaticMeshActor_UAID_50EBF6944DD096C101_1808296371 Label:SM_Cube9 SpatiallyLoaded:1 Bounds:IsValid=true, Min=(X=10.000 Y=-3490.000 Z=-50.000), Max=(X=3010.000 Y=10.000 Z=0.000) RuntimeGrid:None EditorOnly:0 RuntimeOnly:0 HLODRelevant:1 FolderPath:Playground FolderGuid:9FE5E8B349AF71F05F2688921F3F2AC5
 |   |   |- Guid:BA89E17C4C21EE61128C9A90B83C1F29 BaseClass:/Game/GoodSky/Blueprint/BP_GoodSky.BP_GoodSky_C NativeClass:/Script/Engine.Actor Name:BP_GoodSky_C_UAID_50EBF6944DD003CA01_1632619999 Label:BP_GoodSky SpatiallyLoaded:1 Bounds:IsValid=true, Min=(X=-1639707.645 Y=-1638173.533 Z=-1594640.592), Max=(X=1640859.972 Y=1642394.431 Z=1592994.211) RuntimeGrid:None EditorOnly:0 RuntimeOnly:0 HLODRelevant:0
 |   |   |- Guid:BAF5F3CB4795A5D06BA9629597DEFB20 BaseClass:/Game/Main/Blueprints/inventory/items/bp_item2.bp_item2_C NativeClass:/Script/Engine.Actor Name:bp_item2_C_UAID_08BFB81711F57BBF01_1280415505 Label:bp_item2 SpatiallyLoaded:1 Bounds:IsValid=true, Min=(X=895.000 Y=2485.000 Z=-15.000), Max=(X=925.000 Y=2515.000 Z=15.000) RuntimeGrid:None EditorOnly:0 RuntimeOnly:0 HLODRelevant:0
 |   |   |- Guid:CCDD89584E0A9025F52AEDA51D60CA54 BaseClass: NativeClass:/Script/NavigationSystem.NavMeshBoundsVolume Name:NavMeshBoundsVolume_1 Label:NavMeshBoundsVolume SpatiallyLoaded:0 Bounds:IsValid=true, Min=(X=20.917 Y=40.676 Z=-110.000), Max=(X=3379.083 Y=1439.324 Z=390.000) RuntimeGrid:None EditorOnly:0 RuntimeOnly:0 HLODRelevant:0 FolderPath:Navigation FolderGuid:AE45D61F453CC144CF8289862C276E89
 |   |   |- Guid:CEFBB275440A2389A1F89AA9EC6F2AAE BaseClass: NativeClass:/Script/Engine.StaticMeshActor Name:StaticMeshActor_UAID_50EBF6944DD096C101_1778251369 Label:SM_Cube7 SpatiallyLoaded:1 Bounds:IsValid=true, Min=(X=3000.000 Y=3490.000 Z=-50.000), Max=(X=6000.000 Y=6990.000 Z=0.000) RuntimeGrid:None EditorOnly:0 RuntimeOnly:0 HLODRelevant:1 FolderPath:Playground FolderGuid:9FE5E8B349AF71F05F2688921F3F2AC5
 |   |   |- Guid:D0EE1E054D37F14F39FFB5B732A78401 BaseClass: NativeClass:/Script/Engine.StaticMeshActor Name:StaticMeshActor_UAID_50EBF6944DD002CA01_1292642829 Label:SM_Cube5 SpatiallyLoaded:1 Bounds:IsValid=true, Min=(X=-818.018 Y=1610.000 Z=-50.000), Max=(X=-2.393 Y=1894.375 Z=-0.000) RuntimeGrid:None EditorOnly:0 RuntimeOnly:0 HLODRelevant:1 FolderPath:Playground FolderGuid:9FE5E8B349AF71F05F2688921F3F2AC5
 |   |   |- Guid:D3E6AB5047547B48ABE24D9F073108F2 BaseClass: NativeClass:/Script/Engine.StaticMeshActor Name:StaticMeshActor_UAID_50EBF6944DD002CA01_1250539828 Label:Box3 SpatiallyLoaded:1 Bounds:IsValid=true, Min=(X=-814.116 Y=1505.888 Z=-0.000), Max=(X=-45.884 Y=1654.112 Z=309.144) RuntimeGrid:None EditorOnly:0 RuntimeOnly:0 HLODRelevant:0
 |   |   |- Guid:D94534EE4C3F16BC9876D6B8E1CA00CC BaseClass: NativeClass:/Script/Engine.DirectionalLight Name:DirectionalLight_UAID_50EBF6944DD058C801_1462876847 Label:DirectionalLight SpatiallyLoaded:0 Bounds:IsValid=true, Min=(X=-4398046511104.000 Y=-4398046511104.000 Z=-4398046511104.000), Max=(X=4398046511104.000 Y=4398046511104.000 Z=4398046511104.000) RuntimeGrid:None EditorOnly:0 RuntimeOnly:0 HLODRelevant:0
 |   |   |- Guid:DAAA7D6F4F9E9B3BD2CAAD869FC3F1D7 BaseClass: NativeClass:/Script/Engine.StaticMeshActor Name:StaticMeshActor_UAID_50EBF6944DD001CA01_1880765650 Label:Box2 SpatiallyLoaded:1 Bounds:IsValid=true, Min=(X=-824.116 Y=1865.888 Z=-0.000), Max=(X=-55.884 Y=2014.112 Z=309.144) RuntimeGrid:None EditorOnly:0 RuntimeOnly:0 HLODRelevant:0
 |   |- [+] Clusters:
 |   |   |- [+] [  0]
 |   |   |   |- Guid:516D224B459ADA699E9A659AA37B4BAF BaseClass: NativeClass:/Script/Engine.StaticMeshActor Name:StaticMeshActor_UAID_50EBF6944DD096C101_1753822368 Label:SM_Cube6 SpatiallyLoaded:1 Bounds:IsValid=true, Min=(X=3000.000 Y=-3490.000 Z=-50.000), Max=(X=6000.000 Y=10.000 Z=0.000) RuntimeGrid:None EditorOnly:0 RuntimeOnly:0 HLODRelevant:1 FolderPath:Playground FolderGuid:9FE5E8B349AF71F05F2688921F3F2AC5
 |   |   |- [+] [  1]
 |   |   |   |- Guid:8FB4C5414AD86A90E863FE8714EF5E59 BaseClass: NativeClass:/Script/Engine.StaticMeshActor Name:StaticMeshActor_UAID_50EBF6944DD002CA01_1604623831 Label:Cube2 SpatiallyLoaded:1 Bounds:IsValid=true, Min=(X=-50.649 Y=2070.380 Z=-14.126), Max=(X=-0.649 Y=2823.505 Z=398.374) RuntimeGrid:None EditorOnly:0 RuntimeOnly:0 HLODRelevant:1
 |   |   |- [+] [  2]
 |   |   |   |- Guid:D94534EE4C3F16BC9876D6B8E1CA00CC BaseClass: NativeClass:/Script/Engine.DirectionalLight Name:DirectionalLight_UAID_50EBF6944DD058C801_1462876847 Label:DirectionalLight SpatiallyLoaded:0 Bounds:IsValid=true, Min=(X=-4398046511104.000 Y=-4398046511104.000 Z=-4398046511104.000), Max=(X=4398046511104.000 Y=4398046511104.000 Z=4398046511104.000) RuntimeGrid:None EditorOnly:0 RuntimeOnly:0 HLODRelevant:0
 |   |   |- [+] [  3]
 |   |   |   |- Guid:D0EE1E054D37F14F39FFB5B732A78401 BaseClass: NativeClass:/Script/Engine.StaticMeshActor Name:StaticMeshActor_UAID_50EBF6944DD002CA01_1292642829 Label:SM_Cube5 SpatiallyLoaded:1 Bounds:IsValid=true, Min=(X=-818.018 Y=1610.000 Z=-50.000), Max=(X=-2.393 Y=1894.375 Z=-0.000) RuntimeGrid:None EditorOnly:0 RuntimeOnly:0 HLODRelevant:1 FolderPath:Playground FolderGuid:9FE5E8B349AF71F05F2688921F3F2AC5
 |   |   |- [+] [  4]
 |   |   |   |- Guid:46E3F7E74C402AC8644CA297E1D10E0D BaseClass: NativeClass:/Script/Engine.StaticMeshActor Name:StaticMeshActor_UAID_50EBF6944DD002CA01_1484099830 Label:Cube SpatiallyLoaded:1 Bounds:IsValid=true, Min=(X=-50.649 Y=739.163 Z=-14.126), Max=(X=-0.649 Y=1492.288 Z=398.374) RuntimeGrid:None EditorOnly:0 RuntimeOnly:0 HLODRelevant:1
 |   |   |- [+] [  5]
 |   |   |   |- Guid:552434EF47CD60D74DA32E980DFFF7A9 BaseClass: NativeClass:/Script/Engine.StaticMeshActor Name:StaticMeshActor_UAID_50EBF6944DD096C101_1788038370 Label:SM_Cube8 SpatiallyLoaded:1 Bounds:IsValid=true, Min=(X=0.000 Y=3490.000 Z=-50.000), Max=(X=3000.000 Y=6990.000 Z=0.000) RuntimeGrid:None EditorOnly:0 RuntimeOnly:0 HLODRelevant:1 FolderPath:Playground FolderGuid:9FE5E8B349AF71F05F2688921F3F2AC5
 |   |   |- [+] [  6]
 |   |   |   |- Guid:698C35074DF37F67AE639F8B09CD6892 BaseClass:/Game/Main/Blueprints/inventory/items/rifleAmmunition.rifleAmmunition_C NativeClass:/Script/Engine.Actor Name:bp_item3_C_UAID_08BFB81711F57BBF01_1278502504 Label:bp_item3 SpatiallyLoaded:1 Bounds:IsValid=true, Min=(X=295.000 Y=2195.000 Z=-15.000), Max=(X=325.000 Y=2225.000 Z=15.000) RuntimeGrid:None EditorOnly:0 RuntimeOnly:0 HLODRelevant:0
 |   |   |- [+] [  7]
 |   |   |   |- Guid:85F81E2942F4CEB99371F5B0ED2289FF BaseClass:/Game/Main/Blueprints/characters/enemies/Turret.Turret_C NativeClass:/Script/Engine.Character Name:Turret_C_UAID_08BFB81711F5ADC101_1212236418 Label:Turret SpatiallyLoaded:1 Bounds:IsValid=true, Min=(X=246.687 Y=2677.774 Z=-30.426), Max=(X=750.000 Y=2882.045 Z=231.789) RuntimeGrid:None EditorOnly:0 RuntimeOnly:0 HLODRelevant:0
 |   |   |- [+] [  8]
 |   |   |   |- Guid:BAF5F3CB4795A5D06BA9629597DEFB20 BaseClass:/Game/Main/Blueprints/inventory/items/bp_item2.bp_item2_C NativeClass:/Script/Engine.Actor Name:bp_item2_C_UAID_08BFB81711F57BBF01_1280415505 Label:bp_item2 SpatiallyLoaded:1 Bounds:IsValid=true, Min=(X=895.000 Y=2485.000 Z=-15.000), Max=(X=925.000 Y=2515.000 Z=15.000) RuntimeGrid:None EditorOnly:0 RuntimeOnly:0 HLODRelevant:0
 |   |   |- [+] [  9]
 |   |   |   |- Guid:2169CB5C470E0E674279BA96829753DD BaseClass: NativeClass:/Script/Engine.StaticMeshActor Name:StaticMeshActor_17 Label:SM_Cube SpatiallyLoaded:1 Bounds:IsValid=true, Min=(X=3000.000 Y=0.000 Z=-50.000), Max=(X=6000.000 Y=3500.000 Z=0.000) RuntimeGrid:None EditorOnly:0 RuntimeOnly:0 HLODRelevant:1 FolderPath:Playground FolderGuid:9FE5E8B349AF71F05F2688921F3F2AC5
 |   |   |- [+] [ 10]
 |   |   |   |- Guid:D3E6AB5047547B48ABE24D9F073108F2 BaseClass: NativeClass:/Script/Engine.StaticMeshActor Name:StaticMeshActor_UAID_50EBF6944DD002CA01_1250539828 Label:Box3 SpatiallyLoaded:1 Bounds:IsValid=true, Min=(X=-814.116 Y=1505.888 Z=-0.000), Max=(X=-45.884 Y=1654.112 Z=309.144) RuntimeGrid:None EditorOnly:0 RuntimeOnly:0 HLODRelevant:0
 |   |   |- [+] [ 11]
 |   |   |   |- Guid:CCDD89584E0A9025F52AEDA51D60CA54 BaseClass: NativeClass:/Script/NavigationSystem.NavMeshBoundsVolume Name:NavMeshBoundsVolume_1 Label:NavMeshBoundsVolume SpatiallyLoaded:0 Bounds:IsValid=true, Min=(X=20.917 Y=40.676 Z=-110.000), Max=(X=3379.083 Y=1439.324 Z=390.000) RuntimeGrid:None EditorOnly:0 RuntimeOnly:0 HLODRelevant:0 FolderPath:Navigation FolderGuid:AE45D61F453CC144CF8289862C276E89
 |   |   |- [+] [ 12]
 |   |   |   |- Guid:B798A6104A094A5324BB14A01B2700CD BaseClass: NativeClass:/Script/Engine.StaticMeshActor Name:StaticMeshActor_UAID_50EBF6944DD096C101_1808296371 Label:SM_Cube9 SpatiallyLoaded:1 Bounds:IsValid=true, Min=(X=10.000 Y=-3490.000 Z=-50.000), Max=(X=3010.000 Y=10.000 Z=0.000) RuntimeGrid:None EditorOnly:0 RuntimeOnly:0 HLODRelevant:1 FolderPath:Playground FolderGuid:9FE5E8B349AF71F05F2688921F3F2AC5
 |   |   |- [+] [ 13]
 |   |   |   |- Guid:4B00896F48612807A30BE7AA13120505 BaseClass:/Game/Main/Blueprints/inventory/items/bp_item4.bp_item4_C NativeClass:/Script/Engine.Actor Name:bp_item4_C_UAID_50EBF6944DD09AC101_1864658076 Label:bp_item4 SpatiallyLoaded:1 Bounds:IsValid=true, Min=(X=1325.000 Y=1885.000 Z=-15.000), Max=(X=1355.000 Y=1915.000 Z=15.000) RuntimeGrid:None EditorOnly:0 RuntimeOnly:0 HLODRelevant:0
 |   |   |- [+] [ 14]
 |   |   |   |- Guid:147C8D134B12D635012D5F8C57D2C96F BaseClass: NativeClass:/Script/Engine.PostProcessVolume Name:PostProcessVolume_1 Label:PostProcessVolume SpatiallyLoaded:0 Bounds:IsValid=true, Min=(X=0.000 Y=0.000 Z=400.000), Max=(X=200.000 Y=200.000 Z=600.000) RuntimeGrid:None EditorOnly:0 RuntimeOnly:0 HLODRelevant:0 FolderPath:Lighting FolderGuid:4C9334684BA61B42C769F799D2576455
 |   |   |- [+] [ 15]
 |   |   |   |- Guid:2DF0D95440BE0EDA81652F860DC7268E BaseClass: NativeClass:/Script/Engine.WorldDataLayers Name:WorldDataLayers Label:WorldDataLayers SpatiallyLoaded:0 Bounds:IsValid=true, Min=(X=0.000 Y=0.000 Z=0.000), Max=(X=0.000 Y=0.000 Z=0.000) RuntimeGrid:None EditorOnly:0 RuntimeOnly:0 HLODRelevant:0
 |   |   |- [+] [ 16]
 |   |   |   |- Guid:8DBE6D7542ABF02D52B86BAF8B092853 BaseClass:/Game/Main/Blueprints/inventory/items/autoRifle.autoRifle_C NativeClass:/Script/Engine.Actor Name:bp_item1_C_UAID_08BFB81711F57BBF01_1282370506 Label:bp_item1 SpatiallyLoaded:1 Bounds:IsValid=true, Min=(X=1325.000 Y=3015.000 Z=-15.000), Max=(X=1355.000 Y=3045.000 Z=15.000) RuntimeGrid:None EditorOnly:0 RuntimeOnly:0 HLODRelevant:0
 |   |   |- [+] [ 17]
 |   |   |   |- Guid:9712C2A448335C5454CBCEAB4801C7B7 BaseClass: NativeClass:/Script/Engine.StaticMeshActor Name:StaticMeshActor_UAID_50EBF6944DD096C101_1693550367 Label:SM_Cube4 SpatiallyLoaded:1 Bounds:IsValid=true, Min=(X=-3.154 Y=0.000 Z=-50.000), Max=(X=2996.846 Y=3500.000 Z=-0.000) RuntimeGrid:None EditorOnly:0 RuntimeOnly:0 HLODRelevant:1 FolderPath:Playground FolderGuid:9FE5E8B349AF71F05F2688921F3F2AC5
 |   |   |- [+] [ 18]
 |   |   |   |- Guid:CEFBB275440A2389A1F89AA9EC6F2AAE BaseClass: NativeClass:/Script/Engine.StaticMeshActor Name:StaticMeshActor_UAID_50EBF6944DD096C101_1778251369 Label:SM_Cube7 SpatiallyLoaded:1 Bounds:IsValid=true, Min=(X=3000.000 Y=3490.000 Z=-50.000), Max=(X=6000.000 Y=6990.000 Z=0.000) RuntimeGrid:None EditorOnly:0 RuntimeOnly:0 HLODRelevant:1 FolderPath:Playground FolderGuid:9FE5E8B349AF71F05F2688921F3F2AC5
 |   |   |- [+] [ 19]
 |   |   |   |- Guid:7FF20A6A47EFAC2FA79654B0DEC84040 BaseClass: NativeClass:/Script/Engine.StaticMeshActor Name:StaticMeshActor_UAID_50EBF6944DD002CA01_1638291832 Label:Cube3 SpatiallyLoaded:1 Bounds:IsValid=true, Min=(X=-862.494 Y=1503.882 Z=-21.614), Max=(X=-812.494 Y=2016.382 Z=309.636) RuntimeGrid:None EditorOnly:0 RuntimeOnly:0 HLODRelevant:1
 |   |   |- [+] [ 20]
 |   |   |   |- Guid:DAAA7D6F4F9E9B3BD2CAAD869FC3F1D7 BaseClass: NativeClass:/Script/Engine.StaticMeshActor Name:StaticMeshActor_UAID_50EBF6944DD001CA01_1880765650 Label:Box2 SpatiallyLoaded:1 Bounds:IsValid=true, Min=(X=-824.116 Y=1865.888 Z=-0.000), Max=(X=-55.884 Y=2014.112 Z=309.144) RuntimeGrid:None EditorOnly:0 RuntimeOnly:0 HLODRelevant:0
 |   |   |- [+] [ 21]
 |   |   |   |- Guid:93CD3435423EF26896D9FF99D9EF4847 BaseClass: NativeClass:/Script/Engine.PlayerStart Name:PlayerStart_UAID_50EBF6944DD08EC201_1263449015 Label:PlayerStart SpatiallyLoaded:0 Bounds:IsValid=true, Min=(X=-606.765 Y=1714.831 Z=25.177), Max=(X=-526.765 Y=1794.831 Z=209.177) RuntimeGrid:None EditorOnly:0 RuntimeOnly:0 HLODRelevant:0
 |   |   |- [+] [ 22]
 |   |   |   |- Guid:BA89E17C4C21EE61128C9A90B83C1F29 BaseClass:/Game/GoodSky/Blueprint/BP_GoodSky.BP_GoodSky_C NativeClass:/Script/Engine.Actor Name:BP_GoodSky_C_UAID_50EBF6944DD003CA01_1632619999 Label:BP_GoodSky SpatiallyLoaded:1 Bounds:IsValid=true, Min=(X=-1639707.645 Y=-1638173.533 Z=-1594640.592), Max=(X=1640859.972 Y=1642394.431 Z=1592994.211) RuntimeGrid:None EditorOnly:0 RuntimeOnly:0 HLODRelevant:0
 |- ContainerInstances:
 |- [+] MainContainer:
 |   |-        ID: 0x0000000000000000
 |   |-    Bounds: IsValid=false, Min=(X=0.000 Y=0.000 Z=0.000), Max=(X=0.000 Y=0.000 Z=0.000)
 |   |- Transform: 0.000000,0.000000,0.000000|0.000000,0.000000,-0.000000|1.000000,1.000000,1.000000
 |   |- Container: /Game/Main/Maps/TopDownMap
----------------------------------------------------------------------------------------------------------------
TopDownMap - Persistent Level
----------------------------------------------------------------------------------------------------------------
Always loaded Actor Count: 36 

----------------------------------------------------------------------------------------------------------------
TopDownMap - Runtime Spatial Hash - Streaming Grid - MainGrid
----------------------------------------------------------------------------------------------------------------
            Origin: X=0.000 Y=0.000 Z=0.000
         Cell Size: 12800
      World Bounds: IsValid=false, Min=(X=0.000 Y=0.000 Z=0.000), Max=(X=0.000 Y=0.000 Z=0.000)
     Loading Range: 25600.00
Block Slow Loading: No
 ClientOnlyVisible: No

[+] Grid Levels: 1
 |- Level  0: Cell Count    0 | Cell Size   12800 | Actor Count    0 (0.0%)

[+] Content of Grid Level 0

